{"/home/runner/work/chromadb-ui/chromadb-ui/src/App.vue": {"path":"/home/runner/work/chromadb-ui/chromadb-ui/src/App.vue","statementMap":{"0":{"start":{"line":11,"column":19},"end":{"line":11,"column":null}},"1":{"start":{"line":13,"column":6},"end":{"line":13,"column":null}},"2":{"start":{"line":14,"column":6},"end":{"line":14,"column":null}},"3":{"start":{"line":17,"column":24},"end":{"line":43,"column":null}},"4":{"start":{"line":22,"column":18},"end":{"line":22,"column":null}},"5":{"start":{"line":27,"column":18},"end":{"line":27,"column":null}},"6":{"start":{"line":32,"column":18},"end":{"line":32,"column":null}},"7":{"start":{"line":38,"column":6},"end":{"line":40,"column":null}},"8":{"start":{"line":39,"column":8},"end":{"line":39,"column":null}},"9":{"start":{"line":47,"column":7},"end":{"line":47,"column":null}},"10":{"start":{"line":63,"column":14},"end":{"line":63,"column":null}}},"fnMap":{"0":{"name":"(anonymous_0)","decl":{"start":{"line":22,"column":12},"end":{"line":22,"column":18}},"loc":{"start":{"line":22,"column":18},"end":{"line":22,"column":null}},"line":22},"1":{"name":"(anonymous_1)","decl":{"start":{"line":27,"column":12},"end":{"line":27,"column":18}},"loc":{"start":{"line":27,"column":18},"end":{"line":27,"column":null}},"line":27},"2":{"name":"(anonymous_2)","decl":{"start":{"line":32,"column":12},"end":{"line":32,"column":18}},"loc":{"start":{"line":32,"column":18},"end":{"line":32,"column":null}},"line":32},"3":{"name":"(anonymous_3)","decl":{"start":{"line":37,"column":12},"end":{"line":37,"column":18}},"loc":{"start":{"line":37,"column":18},"end":{"line":41,"column":null}},"line":37},"4":{"name":"(anonymous_4)","decl":{"start":{"line":63,"column":12},"end":{"line":63,"column":14}},"loc":{"start":{"line":63,"column":14},"end":{"line":63,"column":null}},"line":63}},"branchMap":{"0":{"loc":{"start":{"line":38,"column":6},"end":{"line":40,"column":null}},"type":"if","locations":[{"start":{"line":38,"column":6},"end":{"line":40,"column":null}},{"start":{},"end":{}}],"line":38}},"s":{"0":0,"1":0,"2":0,"3":0,"4":0,"5":0,"6":0,"7":0,"8":0,"9":0,"10":0},"f":{"0":0,"1":0,"2":0,"3":0,"4":0},"b":{"0":[0,0]},"meta":{"lastBranch":1,"lastFunction":5,"lastStatement":11,"seen":{"s:11:19:11:Infinity":0,"s:13:6:13:Infinity":1,"s:14:6:14:Infinity":2,"s:17:24:43:Infinity":3,"f:22:12:22:18":0,"s:22:18:22:Infinity":4,"f:27:12:27:18":1,"s:27:18:27:Infinity":5,"f:32:12:32:18":2,"s:32:18:32:Infinity":6,"f:37:12:37:18":3,"b:38:6:40:Infinity:undefined:undefined:undefined:undefined":0,"s:38:6:40:Infinity":7,"s:39:8:39:Infinity":8,"s:47:7:47:Infinity":9,"f:63:12:63:14":4,"s:63:14:63:Infinity":10}}}
,"/home/runner/work/chromadb-ui/chromadb-ui/src/components/AboutModal.vue": {"path":"/home/runner/work/chromadb-ui/chromadb-ui/src/components/AboutModal.vue","statementMap":{"0":{"start":{"line":7,"column":13},"end":{"line":7,"column":null}},"1":{"start":{"line":11,"column":20},"end":{"line":13,"column":null}},"2":{"start":{"line":12,"column":2},"end":{"line":12,"column":null}},"3":{"start":{"line":16,"column":16},"end":{"line":16,"column":null}}},"fnMap":{"0":{"name":"(anonymous_0)","decl":{"start":{"line":11,"column":20},"end":{"line":11,"column":26}},"loc":{"start":{"line":11,"column":26},"end":{"line":13,"column":null}},"line":11}},"branchMap":{"0":{"loc":{"start":{"line":16,"column":16},"end":{"line":16,"column":null}},"type":"binary-expr","locations":[{"start":{"line":16,"column":16},"end":{"line":16,"column":52}},{"start":{"line":16,"column":52},"end":{"line":16,"column":null}}],"line":16}},"s":{"0":0,"1":0,"2":0,"3":0},"f":{"0":0},"b":{"0":[0,0]},"meta":{"lastBranch":1,"lastFunction":1,"lastStatement":4,"seen":{"s:7:13:7:Infinity":0,"s:11:20:13:Infinity":1,"f:11:20:11:26":0,"s:12:2:12:Infinity":2,"s:16:16:16:Infinity":3,"b:16:16:16:52:16:52:16:Infinity":0}}}
,"/home/runner/work/chromadb-ui/chromadb-ui/src/components/AddCollectionModal.vue": {"path":"/home/runner/work/chromadb-ui/chromadb-ui/src/components/AddCollectionModal.vue","statementMap":{"0":{"start":{"line":11,"column":13},"end":{"line":11,"column":null}},"1":{"start":{"line":16,"column":6},"end":{"line":16,"column":null}},"2":{"start":{"line":17,"column":6},"end":{"line":17,"column":null}},"3":{"start":{"line":18,"column":6},"end":{"line":18,"column":null}},"4":{"start":{"line":19,"column":6},"end":{"line":19,"column":null}},"5":{"start":{"line":21,"column":21},"end":{"line":39,"column":null}},"6":{"start":{"line":22,"column":2},"end":{"line":25,"column":null}},"7":{"start":{"line":23,"column":4},"end":{"line":23,"column":null}},"8":{"start":{"line":24,"column":4},"end":{"line":24,"column":null}},"9":{"start":{"line":27,"column":2},"end":{"line":38,"column":null}},"10":{"start":{"line":28,"column":4},"end":{"line":28,"column":null}},"11":{"start":{"line":29,"column":4},"end":{"line":29,"column":null}},"12":{"start":{"line":30,"column":4},"end":{"line":30,"column":null}},"13":{"start":{"line":31,"column":4},"end":{"line":31,"column":null}},"14":{"start":{"line":33,"column":4},"end":{"line":37,"column":null}},"15":{"start":{"line":34,"column":6},"end":{"line":34,"column":null}},"16":{"start":{"line":36,"column":6},"end":{"line":36,"column":null}},"17":{"start":{"line":41,"column":20},"end":{"line":45,"column":null}},"18":{"start":{"line":42,"column":2},"end":{"line":42,"column":null}},"19":{"start":{"line":43,"column":2},"end":{"line":43,"column":null}},"20":{"start":{"line":44,"column":2},"end":{"line":44,"column":null}},"21":{"start":{"line":49,"column":19},"end":{"line":64,"column":null}},"22":{"start":{"line":71,"column":69},"end":{"line":71,"column":null}},"23":{"start":{"line":80,"column":25},"end":{"line":87,"column":null}}},"fnMap":{"0":{"name":"(anonymous_0)","decl":{"start":{"line":21,"column":21},"end":{"line":21,"column":33}},"loc":{"start":{"line":21,"column":33},"end":{"line":39,"column":null}},"line":21},"1":{"name":"(anonymous_1)","decl":{"start":{"line":41,"column":20},"end":{"line":41,"column":26}},"loc":{"start":{"line":41,"column":26},"end":{"line":45,"column":null}},"line":41}},"branchMap":{"0":{"loc":{"start":{"line":22,"column":2},"end":{"line":25,"column":null}},"type":"if","locations":[{"start":{"line":22,"column":2},"end":{"line":25,"column":null}},{"start":{},"end":{}}],"line":22},"1":{"loc":{"start":{"line":33,"column":4},"end":{"line":37,"column":null}},"type":"if","locations":[{"start":{"line":33,"column":4},"end":{"line":37,"column":null}},{"start":{"line":35,"column":11},"end":{"line":37,"column":null}}],"line":33},"2":{"loc":{"start":{"line":80,"column":25},"end":{"line":80,"column":null}},"type":"cond-expr","locations":[{"start":{"line":80,"column":47},"end":{"line":80,"column":null}},{"start":{"line":80,"column":47},"end":{"line":80,"column":null}}],"line":80},"3":{"loc":{"start":{"line":80,"column":47},"end":{"line":87,"column":null}},"type":"cond-expr","locations":[{"start":{"line":87,"column":47},"end":{"line":87,"column":null}},{"start":{"line":87,"column":47},"end":{"line":87,"column":null}}],"line":80}},"s":{"0":0,"1":0,"2":0,"3":0,"4":0,"5":0,"6":0,"7":0,"8":0,"9":0,"10":0,"11":0,"12":0,"13":0,"14":0,"15":0,"16":0,"17":0,"18":0,"19":0,"20":0,"21":0,"22":0,"23":0},"f":{"0":0,"1":0},"b":{"0":[0,0],"1":[0,0],"2":[0,0],"3":[0,0]},"meta":{"lastBranch":4,"lastFunction":2,"lastStatement":24,"seen":{"s:11:13:11:Infinity":0,"s:16:6:16:Infinity":1,"s:17:6:17:Infinity":2,"s:18:6:18:Infinity":3,"s:19:6:19:Infinity":4,"s:21:21:39:Infinity":5,"f:21:21:21:33":0,"b:22:2:25:Infinity:undefined:undefined:undefined:undefined":0,"s:22:2:25:Infinity":6,"s:23:4:23:Infinity":7,"s:24:4:24:Infinity":8,"s:27:2:38:Infinity":9,"s:28:4:28:Infinity":10,"s:29:4:29:Infinity":11,"s:30:4:30:Infinity":12,"s:31:4:31:Infinity":13,"b:33:4:37:Infinity:35:11:37:Infinity":1,"s:33:4:37:Infinity":14,"s:34:6:34:Infinity":15,"s:36:6:36:Infinity":16,"s:41:20:45:Infinity":17,"f:41:20:41:26":1,"s:42:2:42:Infinity":18,"s:43:2:43:Infinity":19,"s:44:2:44:Infinity":20,"s:49:19:64:Infinity":21,"s:71:69:71:Infinity":22,"s:80:25:87:Infinity":23,"b:80:47:80:Infinity:80:47:80:Infinity":2,"b:87:47:87:Infinity:87:47:87:Infinity":3}}}
,"/home/runner/work/chromadb-ui/chromadb-ui/src/components/AddDocumentModal.vue": {"path":"/home/runner/work/chromadb-ui/chromadb-ui/src/components/AddDocumentModal.vue","statementMap":{"0":{"start":{"line":12,"column":14},"end":{"line":12,"column":null}},"1":{"start":{"line":16,"column":13},"end":{"line":16,"column":null}},"2":{"start":{"line":21,"column":6},"end":{"line":21,"column":null}},"3":{"start":{"line":22,"column":6},"end":{"line":22,"column":null}},"4":{"start":{"line":25,"column":21},"end":{"line":43,"column":null}},"5":{"start":{"line":26,"column":2},"end":{"line":26,"column":null}},"6":{"start":{"line":26,"column":38},"end":{"line":26,"column":null}},"7":{"start":{"line":28,"column":28},"end":{"line":30,"column":null}},"8":{"start":{"line":31,"column":25},"end":{"line":31,"column":null}},"9":{"start":{"line":32,"column":24},"end":{"line":32,"column":null}},"10":{"start":{"line":34,"column":2},"end":{"line":42,"column":null}},"11":{"start":{"line":35,"column":4},"end":{"line":41,"column":null}},"12":{"start":{"line":36,"column":6},"end":{"line":36,"column":null}},"13":{"start":{"line":37,"column":6},"end":{"line":37,"column":null}},"14":{"start":{"line":38,"column":4},"end":{"line":41,"column":null}},"15":{"start":{"line":39,"column":6},"end":{"line":39,"column":null}},"16":{"start":{"line":40,"column":6},"end":{"line":40,"column":null}},"17":{"start":{"line":46,"column":24},"end":{"line":50,"column":null}},"18":{"start":{"line":47,"column":2},"end":{"line":49,"column":null}},"19":{"start":{"line":48,"column":4},"end":{"line":48,"column":null}},"20":{"start":{"line":52,"column":0},"end":{"line":55,"column":null}},"21":{"start":{"line":53,"column":2},"end":{"line":53,"column":null}},"22":{"start":{"line":54,"column":2},"end":{"line":54,"column":null}},"23":{"start":{"line":57,"column":0},"end":{"line":60,"column":null}},"24":{"start":{"line":58,"column":2},"end":{"line":58,"column":null}},"25":{"start":{"line":59,"column":2},"end":{"line":59,"column":null}},"26":{"start":{"line":63,"column":0},"end":{"line":69,"column":null}},"27":{"start":{"line":63,"column":12},"end":{"line":63,"column":24}},"28":{"start":{"line":64,"column":2},"end":{"line":68,"column":null}},"29":{"start":{"line":65,"column":4},"end":{"line":65,"column":null}},"30":{"start":{"line":67,"column":4},"end":{"line":67,"column":null}},"31":{"start":{"line":71,"column":6},"end":{"line":71,"column":null}},"32":{"start":{"line":72,"column":6},"end":{"line":72,"column":null}},"33":{"start":{"line":73,"column":6},"end":{"line":73,"column":null}},"34":{"start":{"line":74,"column":40},"end":{"line":74,"column":null}},"35":{"start":{"line":76,"column":6},"end":{"line":76,"column":null}},"36":{"start":{"line":77,"column":6},"end":{"line":77,"column":null}},"37":{"start":{"line":78,"column":6},"end":{"line":78,"column":null}},"38":{"start":{"line":79,"column":6},"end":{"line":79,"column":null}},"39":{"start":{"line":81,"column":29},"end":{"line":123,"column":null}},"40":{"start":{"line":83,"column":2},"end":{"line":83,"column":null}},"41":{"start":{"line":86,"column":29},"end":{"line":86,"column":null}},"42":{"start":{"line":87,"column":2},"end":{"line":90,"column":null}},"43":{"start":{"line":88,"column":4},"end":{"line":88,"column":null}},"44":{"start":{"line":89,"column":4},"end":{"line":89,"column":null}},"45":{"start":{"line":93,"column":2},"end":{"line":99,"column":null}},"46":{"start":{"line":94,"column":31},"end":{"line":94,"column":null}},"47":{"start":{"line":95,"column":4},"end":{"line":98,"column":null}},"48":{"start":{"line":96,"column":6},"end":{"line":96,"column":null}},"49":{"start":{"line":97,"column":6},"end":{"line":97,"column":null}},"50":{"start":{"line":101,"column":2},"end":{"line":122,"column":null}},"51":{"start":{"line":102,"column":4},"end":{"line":121,"column":null}},"52":{"start":{"line":103,"column":23},"end":{"line":108,"column":null}},"53":{"start":{"line":104,"column":8},"end":{"line":106,"column":null}},"54":{"start":{"line":105,"column":10},"end":{"line":105,"column":null}},"55":{"start":{"line":107,"column":8},"end":{"line":107,"column":null}},"56":{"start":{"line":110,"column":6},"end":{"line":114,"column":null}},"57":{"start":{"line":115,"column":6},"end":{"line":115,"column":null}},"58":{"start":{"line":116,"column":6},"end":{"line":116,"column":null}},"59":{"start":{"line":118,"column":6},"end":{"line":118,"column":null}},"60":{"start":{"line":119,"column":27},"end":{"line":119,"column":null}},"61":{"start":{"line":120,"column":6},"end":{"line":120,"column":null}},"62":{"start":{"line":125,"column":20},"end":{"line":131,"column":null}},"63":{"start":{"line":126,"column":2},"end":{"line":126,"column":null}},"64":{"start":{"line":127,"column":2},"end":{"line":127,"column":null}},"65":{"start":{"line":128,"column":2},"end":{"line":128,"column":null}},"66":{"start":{"line":129,"column":2},"end":{"line":129,"column":null}},"67":{"start":{"line":130,"column":2},"end":{"line":130,"column":null}},"68":{"start":{"line":134,"column":6},"end":{"line":134,"column":null}},"69":{"start":{"line":136,"column":26},"end":{"line":143,"column":null}},"70":{"start":{"line":137,"column":2},"end":{"line":142,"column":null}},"71":{"start":{"line":138,"column":4},"end":{"line":138,"column":null}},"72":{"start":{"line":139,"column":4},"end":{"line":141,"column":null}},"73":{"start":{"line":140,"column":6},"end":{"line":140,"column":null}},"74":{"start":{"line":145,"column":21},"end":{"line":150,"column":null}},"75":{"start":{"line":146,"column":2},"end":{"line":149,"column":null}},"76":{"start":{"line":147,"column":4},"end":{"line":147,"column":null}},"77":{"start":{"line":148,"column":4},"end":{"line":148,"column":null}},"78":{"start":{"line":215,"column":16},"end":{"line":215,"column":null}},"79":{"start":{"line":221,"column":21},"end":{"line":221,"column":null}},"80":{"start":{"line":237,"column":25},"end":{"line":237,"column":null}}},"fnMap":{"0":{"name":"(anonymous_0)","decl":{"start":{"line":25,"column":21},"end":{"line":25,"column":22}},"loc":{"start":{"line":25,"column":43},"end":{"line":43,"column":null}},"line":25},"1":{"name":"(anonymous_1)","decl":{"start":{"line":46,"column":24},"end":{"line":46,"column":25}},"loc":{"start":{"line":46,"column":46},"end":{"line":50,"column":null}},"line":46},"2":{"name":"(anonymous_2)","decl":{"start":{"line":52,"column":10},"end":{"line":52,"column":16}},"loc":{"start":{"line":52,"column":16},"end":{"line":55,"column":1}},"line":52},"3":{"name":"(anonymous_3)","decl":{"start":{"line":57,"column":16},"end":{"line":57,"column":22}},"loc":{"start":{"line":57,"column":22},"end":{"line":60,"column":1}},"line":57},"4":{"name":"(anonymous_4)","decl":{"start":{"line":63,"column":6},"end":{"line":63,"column":12}},"loc":{"start":{"line":63,"column":12},"end":{"line":63,"column":24}},"line":63},"5":{"name":"(anonymous_5)","decl":{"start":{"line":63,"column":24},"end":{"line":63,"column":25}},"loc":{"start":{"line":63,"column":36},"end":{"line":69,"column":1}},"line":63},"6":{"name":"(anonymous_6)","decl":{"start":{"line":81,"column":29},"end":{"line":81,"column":41}},"loc":{"start":{"line":81,"column":41},"end":{"line":123,"column":null}},"line":81},"7":{"name":"(anonymous_7)","decl":{"start":{"line":103,"column":50},"end":{"line":103,"column":51}},"loc":{"start":{"line":103,"column":65},"end":{"line":108,"column":9}},"line":103},"8":{"name":"(anonymous_8)","decl":{"start":{"line":125,"column":20},"end":{"line":125,"column":26}},"loc":{"start":{"line":125,"column":26},"end":{"line":131,"column":null}},"line":125},"9":{"name":"(anonymous_9)","decl":{"start":{"line":136,"column":26},"end":{"line":136,"column":32}},"loc":{"start":{"line":136,"column":32},"end":{"line":143,"column":null}},"line":136},"10":{"name":"(anonymous_10)","decl":{"start":{"line":139,"column":15},"end":{"line":139,"column":21}},"loc":{"start":{"line":139,"column":21},"end":{"line":141,"column":5}},"line":139},"11":{"name":"(anonymous_11)","decl":{"start":{"line":145,"column":21},"end":{"line":145,"column":27}},"loc":{"start":{"line":145,"column":27},"end":{"line":150,"column":null}},"line":145},"12":{"name":"(anonymous_12)","decl":{"start":{"line":221,"column":21},"end":{"line":221,"column":34}},"loc":{"start":{"line":221,"column":21},"end":{"line":221,"column":null}},"line":221}},"branchMap":{"0":{"loc":{"start":{"line":26,"column":2},"end":{"line":26,"column":null}},"type":"if","locations":[{"start":{"line":26,"column":2},"end":{"line":26,"column":null}},{"start":{},"end":{}}],"line":26},"1":{"loc":{"start":{"line":26,"column":6},"end":{"line":26,"column":38}},"type":"binary-expr","locations":[{"start":{"line":26,"column":6},"end":{"line":26,"column":25}},{"start":{"line":26,"column":25},"end":{"line":26,"column":38}}],"line":26},"2":{"loc":{"start":{"line":34,"column":2},"end":{"line":42,"column":null}},"type":"if","locations":[{"start":{"line":34,"column":2},"end":{"line":42,"column":null}},{"start":{},"end":{}}],"line":34},"3":{"loc":{"start":{"line":35,"column":4},"end":{"line":41,"column":null}},"type":"if","locations":[{"start":{"line":35,"column":4},"end":{"line":41,"column":null}},{"start":{"line":38,"column":4},"end":{"line":41,"column":null}}],"line":35},"4":{"loc":{"start":{"line":35,"column":8},"end":{"line":35,"column":65}},"type":"binary-expr","locations":[{"start":{"line":35,"column":8},"end":{"line":35,"column":22}},{"start":{"line":35,"column":22},"end":{"line":35,"column":65}}],"line":35},"5":{"loc":{"start":{"line":38,"column":4},"end":{"line":41,"column":null}},"type":"if","locations":[{"start":{"line":38,"column":4},"end":{"line":41,"column":null}},{"start":{},"end":{}}],"line":38},"6":{"loc":{"start":{"line":38,"column":15},"end":{"line":38,"column":72}},"type":"binary-expr","locations":[{"start":{"line":38,"column":15},"end":{"line":38,"column":30}},{"start":{"line":38,"column":30},"end":{"line":38,"column":72}}],"line":38},"7":{"loc":{"start":{"line":47,"column":2},"end":{"line":49,"column":null}},"type":"if","locations":[{"start":{"line":47,"column":2},"end":{"line":49,"column":null}},{"start":{},"end":{}}],"line":47},"8":{"loc":{"start":{"line":47,"column":6},"end":{"line":47,"column":40}},"type":"binary-expr","locations":[{"start":{"line":47,"column":6},"end":{"line":47,"column":28}},{"start":{"line":47,"column":28},"end":{"line":47,"column":40}}],"line":47},"9":{"loc":{"start":{"line":64,"column":2},"end":{"line":68,"column":null}},"type":"if","locations":[{"start":{"line":64,"column":2},"end":{"line":68,"column":null}},{"start":{"line":66,"column":9},"end":{"line":68,"column":null}}],"line":64},"10":{"loc":{"start":{"line":87,"column":2},"end":{"line":90,"column":null}},"type":"if","locations":[{"start":{"line":87,"column":2},"end":{"line":90,"column":null}},{"start":{},"end":{}}],"line":87},"11":{"loc":{"start":{"line":93,"column":2},"end":{"line":99,"column":null}},"type":"if","locations":[{"start":{"line":93,"column":2},"end":{"line":99,"column":null}},{"start":{},"end":{}}],"line":93},"12":{"loc":{"start":{"line":93,"column":6},"end":{"line":93,"column":65}},"type":"binary-expr","locations":[{"start":{"line":93,"column":6},"end":{"line":93,"column":40}},{"start":{"line":93,"column":40},"end":{"line":93,"column":65}}],"line":93},"13":{"loc":{"start":{"line":95,"column":4},"end":{"line":98,"column":null}},"type":"if","locations":[{"start":{"line":95,"column":4},"end":{"line":98,"column":null}},{"start":{},"end":{}}],"line":95},"14":{"loc":{"start":{"line":101,"column":2},"end":{"line":122,"column":null}},"type":"if","locations":[{"start":{"line":101,"column":2},"end":{"line":122,"column":null}},{"start":{},"end":{}}],"line":101},"15":{"loc":{"start":{"line":104,"column":8},"end":{"line":106,"column":null}},"type":"if","locations":[{"start":{"line":104,"column":8},"end":{"line":106,"column":null}},{"start":{},"end":{}}],"line":104},"16":{"loc":{"start":{"line":111,"column":12},"end":{"line":111,"column":null}},"type":"binary-expr","locations":[{"start":{"line":111,"column":12},"end":{"line":111,"column":35}},{"start":{"line":111,"column":35},"end":{"line":111,"column":null}}],"line":111},"17":{"loc":{"start":{"line":119,"column":27},"end":{"line":119,"column":null}},"type":"binary-expr","locations":[{"start":{"line":119,"column":27},"end":{"line":119,"column":60}},{"start":{"line":119,"column":60},"end":{"line":119,"column":77}},{"start":{"line":119,"column":77},"end":{"line":119,"column":null}}],"line":119},"18":{"loc":{"start":{"line":137,"column":2},"end":{"line":142,"column":null}},"type":"if","locations":[{"start":{"line":137,"column":2},"end":{"line":142,"column":null}},{"start":{},"end":{}}],"line":137},"19":{"loc":{"start":{"line":146,"column":2},"end":{"line":149,"column":null}},"type":"if","locations":[{"start":{"line":146,"column":2},"end":{"line":149,"column":null}},{"start":{},"end":{}}],"line":146},"20":{"loc":{"start":{"line":208,"column":33},"end":{"line":208,"column":76}},"type":"cond-expr","locations":[{"start":{"line":208,"column":46},"end":{"line":208,"column":67}},{"start":{"line":208,"column":67},"end":{"line":208,"column":76}}],"line":208},"21":{"loc":{"start":{"line":237,"column":25},"end":{"line":237,"column":null}},"type":"cond-expr","locations":[{"start":{"line":237,"column":47},"end":{"line":237,"column":null}},{"start":{"line":237,"column":47},"end":{"line":237,"column":null}}],"line":237}},"s":{"0":0,"1":0,"2":0,"3":0,"4":0,"5":0,"6":0,"7":0,"8":0,"9":0,"10":0,"11":0,"12":0,"13":0,"14":0,"15":0,"16":0,"17":0,"18":0,"19":0,"20":0,"21":0,"22":0,"23":0,"24":0,"25":0,"26":0,"27":0,"28":0,"29":0,"30":0,"31":0,"32":0,"33":0,"34":0,"35":0,"36":0,"37":0,"38":0,"39":0,"40":0,"41":0,"42":0,"43":0,"44":0,"45":0,"46":0,"47":0,"48":0,"49":0,"50":0,"51":0,"52":0,"53":0,"54":0,"55":0,"56":0,"57":0,"58":0,"59":0,"60":0,"61":0,"62":0,"63":0,"64":0,"65":0,"66":0,"67":0,"68":0,"69":0,"70":0,"71":0,"72":0,"73":0,"74":0,"75":0,"76":0,"77":0,"78":0,"79":0,"80":0},"f":{"0":0,"1":0,"2":0,"3":0,"4":0,"5":0,"6":0,"7":0,"8":0,"9":0,"10":0,"11":0,"12":0},"b":{"0":[0,0],"1":[0,0],"2":[0,0],"3":[0,0],"4":[0,0],"5":[0,0],"6":[0,0],"7":[0,0],"8":[0,0],"9":[0,0],"10":[0,0],"11":[0,0],"12":[0,0],"13":[0,0],"14":[0,0],"15":[0,0],"16":[0,0],"17":[0,0,0],"18":[0,0],"19":[0,0],"20":[0,0],"21":[0,0]},"meta":{"lastBranch":22,"lastFunction":13,"lastStatement":81,"seen":{"s:12:14:12:Infinity":0,"s:16:13:16:Infinity":1,"s:21:6:21:Infinity":2,"s:22:6:22:Infinity":3,"s:25:21:43:Infinity":4,"f:25:21:25:22":0,"b:26:2:26:Infinity:undefined:undefined:undefined:undefined":0,"s:26:2:26:Infinity":5,"b:26:6:26:25:26:25:26:38":1,"s:26:38:26:Infinity":6,"s:28:28:30:Infinity":7,"s:31:25:31:Infinity":8,"s:32:24:32:Infinity":9,"b:34:2:42:Infinity:undefined:undefined:undefined:undefined":2,"s:34:2:42:Infinity":10,"b:35:4:41:Infinity:38:4:41:Infinity":3,"s:35:4:41:Infinity":11,"b:35:8:35:22:35:22:35:65":4,"s:36:6:36:Infinity":12,"s:37:6:37:Infinity":13,"b:38:4:41:Infinity:undefined:undefined:undefined:undefined":5,"s:38:4:41:Infinity":14,"b:38:15:38:30:38:30:38:72":6,"s:39:6:39:Infinity":15,"s:40:6:40:Infinity":16,"s:46:24:50:Infinity":17,"f:46:24:46:25":1,"b:47:2:49:Infinity:undefined:undefined:undefined:undefined":7,"s:47:2:49:Infinity":18,"b:47:6:47:28:47:28:47:40":8,"s:48:4:48:Infinity":19,"s:52:0:55:Infinity":20,"f:52:10:52:16":2,"s:53:2:53:Infinity":21,"s:54:2:54:Infinity":22,"s:57:0:60:Infinity":23,"f:57:16:57:22":3,"s:58:2:58:Infinity":24,"s:59:2:59:Infinity":25,"s:63:0:69:Infinity":26,"f:63:6:63:12":4,"s:63:12:63:24":27,"f:63:24:63:25":5,"b:64:2:68:Infinity:66:9:68:Infinity":9,"s:64:2:68:Infinity":28,"s:65:4:65:Infinity":29,"s:67:4:67:Infinity":30,"s:71:6:71:Infinity":31,"s:72:6:72:Infinity":32,"s:73:6:73:Infinity":33,"s:74:40:74:Infinity":34,"s:76:6:76:Infinity":35,"s:77:6:77:Infinity":36,"s:78:6:78:Infinity":37,"s:79:6:79:Infinity":38,"s:81:29:123:Infinity":39,"f:81:29:81:41":6,"s:83:2:83:Infinity":40,"s:86:29:86:Infinity":41,"b:87:2:90:Infinity:undefined:undefined:undefined:undefined":10,"s:87:2:90:Infinity":42,"s:88:4:88:Infinity":43,"s:89:4:89:Infinity":44,"b:93:2:99:Infinity:undefined:undefined:undefined:undefined":11,"s:93:2:99:Infinity":45,"b:93:6:93:40:93:40:93:65":12,"s:94:31:94:Infinity":46,"b:95:4:98:Infinity:undefined:undefined:undefined:undefined":13,"s:95:4:98:Infinity":47,"s:96:6:96:Infinity":48,"s:97:6:97:Infinity":49,"b:101:2:122:Infinity:undefined:undefined:undefined:undefined":14,"s:101:2:122:Infinity":50,"s:102:4:121:Infinity":51,"s:103:23:108:Infinity":52,"f:103:50:103:51":7,"b:104:8:106:Infinity:undefined:undefined:undefined:undefined":15,"s:104:8:106:Infinity":53,"s:105:10:105:Infinity":54,"s:107:8:107:Infinity":55,"s:110:6:114:Infinity":56,"b:111:12:111:35:111:35:111:Infinity":16,"s:115:6:115:Infinity":57,"s:116:6:116:Infinity":58,"s:118:6:118:Infinity":59,"s:119:27:119:Infinity":60,"b:119:27:119:60:119:60:119:77:119:77:119:Infinity":17,"s:120:6:120:Infinity":61,"s:125:20:131:Infinity":62,"f:125:20:125:26":8,"s:126:2:126:Infinity":63,"s:127:2:127:Infinity":64,"s:128:2:128:Infinity":65,"s:129:2:129:Infinity":66,"s:130:2:130:Infinity":67,"s:134:6:134:Infinity":68,"s:136:26:143:Infinity":69,"f:136:26:136:32":9,"b:137:2:142:Infinity:undefined:undefined:undefined:undefined":18,"s:137:2:142:Infinity":70,"s:138:4:138:Infinity":71,"s:139:4:141:Infinity":72,"f:139:15:139:21":10,"s:140:6:140:Infinity":73,"s:145:21:150:Infinity":74,"f:145:21:145:27":11,"b:146:2:149:Infinity:undefined:undefined:undefined:undefined":19,"s:146:2:149:Infinity":75,"s:147:4:147:Infinity":76,"s:148:4:148:Infinity":77,"b:208:46:208:67:208:67:208:76":20,"s:215:16:215:Infinity":78,"f:221:21:221:34":12,"s:221:21:221:Infinity":79,"s:237:25:237:Infinity":80,"b:237:47:237:Infinity:237:47:237:Infinity":21}}}
,"/home/runner/work/chromadb-ui/chromadb-ui/src/components/CollectionScreen.vue": {"path":"/home/runner/work/chromadb-ui/chromadb-ui/src/components/CollectionScreen.vue","statementMap":{"0":{"start":{"line":9,"column":6},"end":{"line":9,"column":null}},"1":{"start":{"line":10,"column":6},"end":{"line":10,"column":null}},"2":{"start":{"line":11,"column":6},"end":{"line":11,"column":null}},"3":{"start":{"line":12,"column":6},"end":{"line":12,"column":null}},"4":{"start":{"line":14,"column":0},"end":{"line":26,"column":null}},"5":{"start":{"line":15,"column":2},"end":{"line":25,"column":null}},"6":{"start":{"line":17,"column":4},"end":{"line":19,"column":null}},"7":{"start":{"line":18,"column":6},"end":{"line":18,"column":null}},"8":{"start":{"line":22,"column":4},"end":{"line":22,"column":null}},"9":{"start":{"line":24,"column":4},"end":{"line":24,"column":null}},"10":{"start":{"line":28,"column":34},"end":{"line":32,"column":null}},"11":{"start":{"line":29,"column":2},"end":{"line":29,"column":null}},"12":{"start":{"line":30,"column":2},"end":{"line":30,"column":null}},"13":{"start":{"line":31,"column":2},"end":{"line":31,"column":null}},"14":{"start":{"line":36,"column":7},"end":{"line":36,"column":null}},"15":{"start":{"line":45,"column":31},"end":{"line":45,"column":null}},"16":{"start":{"line":62,"column":13},"end":{"line":62,"column":null}},"17":{"start":{"line":66,"column":87},"end":{"line":66,"column":null}}},"fnMap":{"0":{"name":"(anonymous_0)","decl":{"start":{"line":14,"column":10},"end":{"line":14,"column":22}},"loc":{"start":{"line":14,"column":22},"end":{"line":26,"column":1}},"line":14},"1":{"name":"(anonymous_1)","decl":{"start":{"line":28,"column":34},"end":{"line":28,"column":40}},"loc":{"start":{"line":28,"column":40},"end":{"line":32,"column":null}},"line":28}},"branchMap":{"0":{"loc":{"start":{"line":17,"column":4},"end":{"line":19,"column":null}},"type":"if","locations":[{"start":{"line":17,"column":4},"end":{"line":19,"column":null}},{"start":{},"end":{}}],"line":17},"1":{"loc":{"start":{"line":44,"column":31},"end":{"line":44,"column":null}},"type":"binary-expr","locations":[{"start":{"line":44,"column":31},"end":{"line":44,"column":73}},{"start":{"line":44,"column":53},"end":{"line":44,"column":null}}],"line":44}},"s":{"0":0,"1":0,"2":0,"3":0,"4":0,"5":0,"6":0,"7":0,"8":0,"9":0,"10":0,"11":0,"12":0,"13":0,"14":0,"15":0,"16":0,"17":0},"f":{"0":0,"1":0},"b":{"0":[0,0],"1":[0,0]},"meta":{"lastBranch":2,"lastFunction":2,"lastStatement":18,"seen":{"s:9:6:9:Infinity":0,"s:10:6:10:Infinity":1,"s:11:6:11:Infinity":2,"s:12:6:12:Infinity":3,"s:14:0:26:Infinity":4,"f:14:10:14:22":0,"s:15:2:25:Infinity":5,"b:17:4:19:Infinity:undefined:undefined:undefined:undefined":0,"s:17:4:19:Infinity":6,"s:18:6:18:Infinity":7,"s:22:4:22:Infinity":8,"s:24:4:24:Infinity":9,"s:28:34:32:Infinity":10,"f:28:34:28:40":1,"s:29:2:29:Infinity":11,"s:30:2:30:Infinity":12,"s:31:2:31:Infinity":13,"s:36:7:36:Infinity":14,"b:44:31:44:73:44:53:44:Infinity":1,"s:45:31:45:Infinity":15,"s:62:13:62:Infinity":16,"s:66:87:66:Infinity":17}}}
,"/home/runner/work/chromadb-ui/chromadb-ui/src/components/CollectionsScreen.vue": {"path":"/home/runner/work/chromadb-ui/chromadb-ui/src/components/CollectionsScreen.vue","statementMap":{"0":{"start":{"line":15,"column":21},"end":{"line":15,"column":null}},"1":{"start":{"line":11,"column":6},"end":{"line":11,"column":null}},"2":{"start":{"line":12,"column":6},"end":{"line":12,"column":null}},"3":{"start":{"line":13,"column":6},"end":{"line":13,"column":null}},"4":{"start":{"line":14,"column":6},"end":{"line":14,"column":null}},"5":{"start":{"line":16,"column":6},"end":{"line":16,"column":null}},"6":{"start":{"line":17,"column":6},"end":{"line":17,"column":null}},"7":{"start":{"line":18,"column":6},"end":{"line":18,"column":null}},"8":{"start":{"line":19,"column":6},"end":{"line":19,"column":null}},"9":{"start":{"line":20,"column":6},"end":{"line":20,"column":null}},"10":{"start":{"line":22,"column":6},"end":{"line":24,"column":null}},"11":{"start":{"line":23,"column":2},"end":{"line":23,"column":null}},"12":{"start":{"line":26,"column":6},"end":{"line":30,"column":null}},"13":{"start":{"line":27,"column":8},"end":{"line":27,"column":null}},"14":{"start":{"line":28,"column":14},"end":{"line":28,"column":null}},"15":{"start":{"line":29,"column":2},"end":{"line":29,"column":null}},"16":{"start":{"line":32,"column":36},"end":{"line":32,"column":null}},"17":{"start":{"line":35,"column":0},"end":{"line":37,"column":null}},"18":{"start":{"line":36,"column":2},"end":{"line":36,"column":null}},"19":{"start":{"line":40,"column":0},"end":{"line":48,"column":null}},"20":{"start":{"line":41,"column":2},"end":{"line":47,"column":null}},"21":{"start":{"line":42,"column":4},"end":{"line":42,"column":null}},"22":{"start":{"line":43,"column":2},"end":{"line":47,"column":null}},"23":{"start":{"line":44,"column":4},"end":{"line":44,"column":null}},"24":{"start":{"line":46,"column":4},"end":{"line":46,"column":null}},"25":{"start":{"line":51,"column":0},"end":{"line":57,"column":null}},"26":{"start":{"line":52,"column":2},"end":{"line":56,"column":null}},"27":{"start":{"line":53,"column":4},"end":{"line":53,"column":null}},"28":{"start":{"line":55,"column":4},"end":{"line":55,"column":null}},"29":{"start":{"line":59,"column":23},"end":{"line":61,"column":null}},"30":{"start":{"line":60,"column":2},"end":{"line":60,"column":null}},"31":{"start":{"line":99,"column":13},"end":{"line":99,"column":null}},"32":{"start":{"line":114,"column":14},"end":{"line":114,"column":null}},"33":{"start":{"line":131,"column":17},"end":{"line":150,"column":null}},"34":{"start":{"line":170,"column":25},"end":{"line":182,"column":null}},"35":{"start":{"line":197,"column":16},"end":{"line":197,"column":null}},"36":{"start":{"line":198,"column":18},"end":{"line":198,"column":null}},"37":{"start":{"line":205,"column":16},"end":{"line":205,"column":null}},"38":{"start":{"line":206,"column":36},"end":{"line":206,"column":73}},"39":{"start":{"line":206,"column":73},"end":{"line":206,"column":null}}},"fnMap":{"0":{"name":"(anonymous_0)","decl":{"start":{"line":22,"column":28},"end":{"line":22,"column":null}},"loc":{"start":{"line":23,"column":2},"end":{"line":23,"column":null}},"line":23},"1":{"name":"(anonymous_1)","decl":{"start":{"line":26,"column":38},"end":{"line":26,"column":44}},"loc":{"start":{"line":26,"column":44},"end":{"line":30,"column":1}},"line":26},"2":{"name":"(anonymous_2)","decl":{"start":{"line":35,"column":19},"end":{"line":35,"column":25}},"loc":{"start":{"line":35,"column":25},"end":{"line":37,"column":1}},"line":35},"3":{"name":"(anonymous_3)","decl":{"start":{"line":40,"column":31},"end":{"line":40,"column":32}},"loc":{"start":{"line":40,"column":51},"end":{"line":48,"column":3}},"line":40},"4":{"name":"(anonymous_4)","decl":{"start":{"line":51,"column":10},"end":{"line":51,"column":22}},"loc":{"start":{"line":51,"column":22},"end":{"line":57,"column":1}},"line":51},"5":{"name":"(anonymous_5)","decl":{"start":{"line":59,"column":23},"end":{"line":59,"column":24}},"loc":{"start":{"line":59,"column":47},"end":{"line":61,"column":null}},"line":59},"6":{"name":"(anonymous_6)","decl":{"start":{"line":197,"column":14},"end":{"line":197,"column":16}},"loc":{"start":{"line":197,"column":16},"end":{"line":197,"column":null}},"line":197},"7":{"name":"(anonymous_7)","decl":{"start":{"line":198,"column":16},"end":{"line":198,"column":18}},"loc":{"start":{"line":198,"column":18},"end":{"line":198,"column":null}},"line":198},"8":{"name":"(anonymous_8)","decl":{"start":{"line":205,"column":14},"end":{"line":205,"column":16}},"loc":{"start":{"line":205,"column":16},"end":{"line":205,"column":null}},"line":205},"9":{"name":"(anonymous_9)","decl":{"start":{"line":206,"column":16},"end":{"line":206,"column":36}},"loc":{"start":{"line":206,"column":16},"end":{"line":206,"column":null}},"line":206}},"branchMap":{"0":{"loc":{"start":{"line":41,"column":2},"end":{"line":47,"column":null}},"type":"if","locations":[{"start":{"line":41,"column":2},"end":{"line":47,"column":null}},{"start":{"line":43,"column":2},"end":{"line":47,"column":null}}],"line":41},"1":{"loc":{"start":{"line":43,"column":2},"end":{"line":47,"column":null}},"type":"if","locations":[{"start":{"line":43,"column":2},"end":{"line":47,"column":null}},{"start":{"line":45,"column":9},"end":{"line":47,"column":null}}],"line":43},"2":{"loc":{"start":{"line":65,"column":30},"end":{"line":77,"column":null}},"type":"cond-expr","locations":[{"start":{"line":77,"column":41},"end":{"line":77,"column":null}},{"start":{"line":77,"column":41},"end":{"line":77,"column":null}}],"line":65},"3":{"loc":{"start":{"line":136,"column":27},"end":{"line":136,"column":null}},"type":"cond-expr","locations":[{"start":{"line":136,"column":49},"end":{"line":136,"column":null}},{"start":{"line":136,"column":49},"end":{"line":136,"column":null}}],"line":136},"4":{"loc":{"start":{"line":138,"column":34},"end":{"line":150,"column":null}},"type":"cond-expr","locations":[{"start":{"line":150,"column":51},"end":{"line":150,"column":null}},{"start":{"line":150,"column":51},"end":{"line":150,"column":null}}],"line":138},"5":{"loc":{"start":{"line":170,"column":25},"end":{"line":170,"column":null}},"type":"cond-expr","locations":[{"start":{"line":170,"column":36},"end":{"line":170,"column":null}},{"start":{"line":170,"column":36},"end":{"line":170,"column":null}}],"line":170},"6":{"loc":{"start":{"line":179,"column":53},"end":{"line":182,"column":null}},"type":"cond-expr","locations":[{"start":{"line":182,"column":51},"end":{"line":182,"column":null}},{"start":{"line":182,"column":51},"end":{"line":182,"column":null}}],"line":179}},"s":{"0":0,"1":0,"2":0,"3":0,"4":0,"5":0,"6":0,"7":0,"8":0,"9":0,"10":0,"11":0,"12":0,"13":0,"14":0,"15":0,"16":0,"17":0,"18":0,"19":0,"20":0,"21":0,"22":0,"23":0,"24":0,"25":0,"26":0,"27":0,"28":0,"29":0,"30":0,"31":0,"32":0,"33":0,"34":0,"35":0,"36":0,"37":0,"38":0,"39":0},"f":{"0":0,"1":0,"2":0,"3":0,"4":0,"5":0,"6":0,"7":0,"8":0,"9":0},"b":{"0":[0,0],"1":[0,0],"2":[0,0],"3":[0,0],"4":[0,0],"5":[0,0],"6":[0,0]},"meta":{"lastBranch":7,"lastFunction":10,"lastStatement":40,"seen":{"s:15:21:15:Infinity":0,"s:11:6:11:Infinity":1,"s:12:6:12:Infinity":2,"s:13:6:13:Infinity":3,"s:14:6:14:Infinity":4,"s:16:6:16:Infinity":5,"s:17:6:17:Infinity":6,"s:18:6:18:Infinity":7,"s:19:6:19:Infinity":8,"s:20:6:20:Infinity":9,"s:22:6:24:Infinity":10,"f:22:28:22:Infinity":0,"s:23:2:23:Infinity":11,"s:26:6:30:Infinity":12,"f:26:38:26:44":1,"s:27:8:27:Infinity":13,"s:28:14:28:Infinity":14,"s:29:2:29:Infinity":15,"s:32:36:32:Infinity":16,"s:35:0:37:Infinity":17,"f:35:19:35:25":2,"s:36:2:36:Infinity":18,"s:40:0:48:Infinity":19,"f:40:31:40:32":3,"b:41:2:47:Infinity:43:2:47:Infinity":0,"s:41:2:47:Infinity":20,"s:42:4:42:Infinity":21,"b:43:2:47:Infinity:45:9:47:Infinity":1,"s:43:2:47:Infinity":22,"s:44:4:44:Infinity":23,"s:46:4:46:Infinity":24,"s:51:0:57:Infinity":25,"f:51:10:51:22":4,"s:52:2:56:Infinity":26,"s:53:4:53:Infinity":27,"s:55:4:55:Infinity":28,"s:59:23:61:Infinity":29,"f:59:23:59:24":5,"s:60:2:60:Infinity":30,"b:77:41:77:Infinity:77:41:77:Infinity":2,"s:99:13:99:Infinity":31,"s:114:14:114:Infinity":32,"s:131:17:150:Infinity":33,"b:136:49:136:Infinity:136:49:136:Infinity":3,"b:150:51:150:Infinity:150:51:150:Infinity":4,"s:170:25:182:Infinity":34,"b:170:36:170:Infinity:170:36:170:Infinity":5,"b:182:51:182:Infinity:182:51:182:Infinity":6,"f:197:14:197:16":6,"s:197:16:197:Infinity":35,"f:198:16:198:18":7,"s:198:18:198:Infinity":36,"f:205:14:205:16":8,"s:205:16:205:Infinity":37,"f:206:16:206:36":9,"s:206:36:206:73":38,"s:206:73:206:Infinity":39}}}
,"/home/runner/work/chromadb-ui/chromadb-ui/src/components/DeleteConfirmModal.vue": {"path":"/home/runner/work/chromadb-ui/chromadb-ui/src/components/DeleteConfirmModal.vue","statementMap":{"0":{"start":{"line":6,"column":14},"end":{"line":6,"column":null}},"1":{"start":{"line":11,"column":13},"end":{"line":11,"column":null}},"2":{"start":{"line":16,"column":6},"end":{"line":16,"column":null}},"3":{"start":{"line":17,"column":6},"end":{"line":17,"column":null}},"4":{"start":{"line":19,"column":21},"end":{"line":29,"column":null}},"5":{"start":{"line":20,"column":2},"end":{"line":28,"column":null}},"6":{"start":{"line":21,"column":4},"end":{"line":21,"column":null}},"7":{"start":{"line":22,"column":4},"end":{"line":22,"column":null}},"8":{"start":{"line":23,"column":4},"end":{"line":23,"column":null}},"9":{"start":{"line":27,"column":4},"end":{"line":27,"column":null}},"10":{"start":{"line":33,"column":19},"end":{"line":55,"column":null}}},"fnMap":{"0":{"name":"(anonymous_0)","decl":{"start":{"line":19,"column":21},"end":{"line":19,"column":33}},"loc":{"start":{"line":19,"column":33},"end":{"line":29,"column":null}},"line":19}},"branchMap":{"0":{"loc":{"start":{"line":43,"column":75},"end":{"line":55,"column":null}},"type":"cond-expr","locations":[{"start":{"line":55,"column":45},"end":{"line":55,"column":null}},{"start":{"line":55,"column":45},"end":{"line":55,"column":null}}],"line":43}},"s":{"0":0,"1":0,"2":0,"3":0,"4":0,"5":0,"6":0,"7":0,"8":0,"9":0,"10":0},"f":{"0":0},"b":{"0":[0,0]},"meta":{"lastBranch":1,"lastFunction":1,"lastStatement":11,"seen":{"s:6:14:6:Infinity":0,"s:11:13:11:Infinity":1,"s:16:6:16:Infinity":2,"s:17:6:17:Infinity":3,"s:19:21:29:Infinity":4,"f:19:21:19:33":0,"s:20:2:28:Infinity":5,"s:21:4:21:Infinity":6,"s:22:4:22:Infinity":7,"s:23:4:23:Infinity":8,"s:27:4:27:Infinity":9,"s:33:19:55:Infinity":10,"b:55:45:55:Infinity:55:45:55:Infinity":0}}}
,"/home/runner/work/chromadb-ui/chromadb-ui/src/components/DocumentModal.vue": {"path":"/home/runner/work/chromadb-ui/chromadb-ui/src/components/DocumentModal.vue","statementMap":{"0":{"start":{"line":6,"column":6},"end":{"line":6,"column":null}},"1":{"start":{"line":7,"column":14},"end":{"line":7,"column":null}},"2":{"start":{"line":12,"column":13},"end":{"line":12,"column":null}},"3":{"start":{"line":17,"column":6},"end":{"line":17,"column":null}},"4":{"start":{"line":19,"column":19},"end":{"line":22,"column":null}},"5":{"start":{"line":20,"column":2},"end":{"line":20,"column":null}},"6":{"start":{"line":21,"column":2},"end":{"line":21,"column":null}},"7":{"start":{"line":24,"column":21},"end":{"line":34,"column":null}},"8":{"start":{"line":25,"column":2},"end":{"line":33,"column":null}},"9":{"start":{"line":26,"column":4},"end":{"line":32,"column":null}},"10":{"start":{"line":27,"column":6},"end":{"line":27,"column":null}},"11":{"start":{"line":28,"column":6},"end":{"line":28,"column":null}},"12":{"start":{"line":29,"column":6},"end":{"line":29,"column":null}},"13":{"start":{"line":31,"column":6},"end":{"line":31,"column":null}},"14":{"start":{"line":36,"column":26},"end":{"line":38,"column":null}},"15":{"start":{"line":37,"column":2},"end":{"line":37,"column":null}},"16":{"start":{"line":44,"column":4},"end":{"line":44,"column":null}},"17":{"start":{"line":76,"column":17},"end":{"line":89,"column":null}}},"fnMap":{"0":{"name":"(anonymous_0)","decl":{"start":{"line":19,"column":19},"end":{"line":19,"column":25}},"loc":{"start":{"line":19,"column":25},"end":{"line":22,"column":null}},"line":19},"1":{"name":"(anonymous_1)","decl":{"start":{"line":24,"column":21},"end":{"line":24,"column":33}},"loc":{"start":{"line":24,"column":33},"end":{"line":34,"column":null}},"line":24},"2":{"name":"(anonymous_2)","decl":{"start":{"line":36,"column":26},"end":{"line":36,"column":27}},"loc":{"start":{"line":36,"column":61},"end":{"line":38,"column":null}},"line":36}},"branchMap":{"0":{"loc":{"start":{"line":25,"column":2},"end":{"line":33,"column":null}},"type":"if","locations":[{"start":{"line":25,"column":2},"end":{"line":33,"column":null}},{"start":{},"end":{}}],"line":25},"1":{"loc":{"start":{"line":25,"column":6},"end":{"line":25,"column":55}},"type":"binary-expr","locations":[{"start":{"line":25,"column":6},"end":{"line":25,"column":24}},{"start":{"line":25,"column":24},"end":{"line":25,"column":55}}],"line":25}},"s":{"0":0,"1":0,"2":0,"3":0,"4":0,"5":0,"6":0,"7":0,"8":0,"9":0,"10":0,"11":0,"12":0,"13":0,"14":0,"15":0,"16":0,"17":0},"f":{"0":0,"1":0,"2":0},"b":{"0":[0,0],"1":[0,0]},"meta":{"lastBranch":2,"lastFunction":3,"lastStatement":18,"seen":{"s:6:6:6:Infinity":0,"s:7:14:7:Infinity":1,"s:12:13:12:Infinity":2,"s:17:6:17:Infinity":3,"s:19:19:22:Infinity":4,"f:19:19:19:25":0,"s:20:2:20:Infinity":5,"s:21:2:21:Infinity":6,"s:24:21:34:Infinity":7,"f:24:21:24:33":1,"b:25:2:33:Infinity:undefined:undefined:undefined:undefined":0,"s:25:2:33:Infinity":8,"b:25:6:25:24:25:24:25:55":1,"s:26:4:32:Infinity":9,"s:27:6:27:Infinity":10,"s:28:6:28:Infinity":11,"s:29:6:29:Infinity":12,"s:31:6:31:Infinity":13,"s:36:26:38:Infinity":14,"f:36:26:36:27":2,"s:37:2:37:Infinity":15,"s:44:4:44:Infinity":16,"s:76:17:89:Infinity":17}}}
,"/home/runner/work/chromadb-ui/chromadb-ui/src/components/DocumentsList.vue": {"path":"/home/runner/work/chromadb-ui/chromadb-ui/src/components/DocumentsList.vue","statementMap":{"0":{"start":{"line":16,"column":21},"end":{"line":16,"column":null}},"1":{"start":{"line":10,"column":6},"end":{"line":10,"column":null}},"2":{"start":{"line":11,"column":6},"end":{"line":11,"column":null}},"3":{"start":{"line":12,"column":6},"end":{"line":12,"column":null}},"4":{"start":{"line":13,"column":6},"end":{"line":13,"column":null}},"5":{"start":{"line":14,"column":6},"end":{"line":14,"column":null}},"6":{"start":{"line":15,"column":6},"end":{"line":15,"column":null}},"7":{"start":{"line":18,"column":6},"end":{"line":22,"column":null}},"8":{"start":{"line":19,"column":8},"end":{"line":19,"column":null}},"9":{"start":{"line":20,"column":14},"end":{"line":20,"column":null}},"10":{"start":{"line":21,"column":2},"end":{"line":21,"column":null}},"11":{"start":{"line":24,"column":6},"end":{"line":26,"column":null}},"12":{"start":{"line":25,"column":2},"end":{"line":25,"column":null}},"13":{"start":{"line":28,"column":21},"end":{"line":31,"column":null}},"14":{"start":{"line":29,"column":2},"end":{"line":29,"column":null}},"15":{"start":{"line":29,"column":32},"end":{"line":29,"column":null}},"16":{"start":{"line":30,"column":2},"end":{"line":30,"column":null}},"17":{"start":{"line":33,"column":26},"end":{"line":35,"column":null}},"18":{"start":{"line":34,"column":2},"end":{"line":34,"column":null}},"19":{"start":{"line":37,"column":21},"end":{"line":40,"column":null}},"20":{"start":{"line":38,"column":2},"end":{"line":38,"column":null}},"21":{"start":{"line":39,"column":2},"end":{"line":39,"column":null}},"22":{"start":{"line":42,"column":19},"end":{"line":45,"column":null}},"23":{"start":{"line":43,"column":2},"end":{"line":43,"column":null}},"24":{"start":{"line":44,"column":2},"end":{"line":44,"column":null}},"25":{"start":{"line":47,"column":29},"end":{"line":55,"column":null}},"26":{"start":{"line":48,"column":2},"end":{"line":54,"column":null}},"27":{"start":{"line":49,"column":4},"end":{"line":53,"column":null}},"28":{"start":{"line":50,"column":6},"end":{"line":50,"column":null}},"29":{"start":{"line":69,"column":18},"end":{"line":69,"column":null}},"30":{"start":{"line":79,"column":21},"end":{"line":79,"column":null}},"31":{"start":{"line":145,"column":21},"end":{"line":151,"column":null}},"32":{"start":{"line":159,"column":29},"end":{"line":165,"column":null}},"33":{"start":{"line":173,"column":49},"end":{"line":173,"column":72}},"34":{"start":{"line":173,"column":88},"end":{"line":173,"column":null}}},"fnMap":{"0":{"name":"(anonymous_0)","decl":{"start":{"line":18,"column":36},"end":{"line":18,"column":42}},"loc":{"start":{"line":18,"column":42},"end":{"line":22,"column":1}},"line":18},"1":{"name":"(anonymous_1)","decl":{"start":{"line":24,"column":28},"end":{"line":24,"column":null}},"loc":{"start":{"line":25,"column":2},"end":{"line":25,"column":null}},"line":25},"2":{"name":"(anonymous_2)","decl":{"start":{"line":28,"column":21},"end":{"line":28,"column":22}},"loc":{"start":{"line":28,"column":63},"end":{"line":31,"column":null}},"line":28},"3":{"name":"(anonymous_3)","decl":{"start":{"line":33,"column":26},"end":{"line":33,"column":27}},"loc":{"start":{"line":33,"column":61},"end":{"line":35,"column":null}},"line":33},"4":{"name":"(anonymous_4)","decl":{"start":{"line":37,"column":21},"end":{"line":37,"column":22}},"loc":{"start":{"line":37,"column":45},"end":{"line":40,"column":null}},"line":37},"5":{"name":"(anonymous_5)","decl":{"start":{"line":42,"column":19},"end":{"line":42,"column":25}},"loc":{"start":{"line":42,"column":25},"end":{"line":45,"column":null}},"line":42},"6":{"name":"(anonymous_6)","decl":{"start":{"line":47,"column":29},"end":{"line":47,"column":36}},"loc":{"start":{"line":47,"column":51},"end":{"line":55,"column":null}},"line":47},"7":{"name":"(anonymous_7)","decl":{"start":{"line":173,"column":47},"end":{"line":173,"column":49}},"loc":{"start":{"line":173,"column":49},"end":{"line":173,"column":72}},"line":173},"8":{"name":"(anonymous_8)","decl":{"start":{"line":173,"column":86},"end":{"line":173,"column":88}},"loc":{"start":{"line":173,"column":88},"end":{"line":173,"column":null}},"line":173}},"branchMap":{"0":{"loc":{"start":{"line":28,"column":36},"end":{"line":28,"column":63}},"type":"default-arg","locations":[{"start":{"line":28,"column":56},"end":{"line":28,"column":63}}],"line":28},"1":{"loc":{"start":{"line":29,"column":2},"end":{"line":29,"column":null}},"type":"if","locations":[{"start":{"line":29,"column":2},"end":{"line":29,"column":null}},{"start":{},"end":{}}],"line":29},"2":{"loc":{"start":{"line":48,"column":2},"end":{"line":54,"column":null}},"type":"if","locations":[{"start":{"line":48,"column":2},"end":{"line":54,"column":null}},{"start":{},"end":{}}],"line":48},"3":{"loc":{"start":{"line":79,"column":21},"end":{"line":79,"column":null}},"type":"cond-expr","locations":[{"start":{"line":79,"column":43},"end":{"line":79,"column":null}},{"start":{"line":79,"column":43},"end":{"line":79,"column":null}}],"line":79},"4":{"loc":{"start":{"line":86,"column":16},"end":{"line":86,"column":126}},"type":"binary-expr","locations":[{"start":{"line":86,"column":16},"end":{"line":86,"column":57}},{"start":{"line":86,"column":57},"end":{"line":86,"column":97}},{"start":{"line":86,"column":97},"end":{"line":86,"column":126}}],"line":86},"5":{"loc":{"start":{"line":159,"column":29},"end":{"line":159,"column":null}},"type":"cond-expr","locations":[{"start":{"line":159,"column":40},"end":{"line":159,"column":null}},{"start":{"line":159,"column":40},"end":{"line":159,"column":null}}],"line":159},"6":{"loc":{"start":{"line":163,"column":51},"end":{"line":165,"column":null}},"type":"cond-expr","locations":[{"start":{"line":165,"column":55},"end":{"line":165,"column":null}},{"start":{"line":165,"column":55},"end":{"line":165,"column":null}}],"line":163}},"s":{"0":0,"1":0,"2":0,"3":0,"4":0,"5":0,"6":0,"7":0,"8":0,"9":0,"10":0,"11":0,"12":0,"13":0,"14":0,"15":0,"16":0,"17":0,"18":0,"19":0,"20":0,"21":0,"22":0,"23":0,"24":0,"25":0,"26":0,"27":0,"28":0,"29":0,"30":0,"31":0,"32":0,"33":0,"34":0},"f":{"0":0,"1":0,"2":0,"3":0,"4":0,"5":0,"6":0,"7":0,"8":0},"b":{"0":[0],"1":[0,0],"2":[0,0],"3":[0,0],"4":[0,0,0],"5":[0,0],"6":[0,0]},"meta":{"lastBranch":7,"lastFunction":9,"lastStatement":35,"seen":{"s:16:21:16:Infinity":0,"s:10:6:10:Infinity":1,"s:11:6:11:Infinity":2,"s:12:6:12:Infinity":3,"s:13:6:13:Infinity":4,"s:14:6:14:Infinity":5,"s:15:6:15:Infinity":6,"s:18:6:22:Infinity":7,"f:18:36:18:42":0,"s:19:8:19:Infinity":8,"s:20:14:20:Infinity":9,"s:21:2:21:Infinity":10,"s:24:6:26:Infinity":11,"f:24:28:24:Infinity":1,"s:25:2:25:Infinity":12,"s:28:21:31:Infinity":13,"f:28:21:28:22":2,"b:28:56:28:63":0,"b:29:2:29:Infinity:undefined:undefined:undefined:undefined":1,"s:29:2:29:Infinity":14,"s:29:32:29:Infinity":15,"s:30:2:30:Infinity":16,"s:33:26:35:Infinity":17,"f:33:26:33:27":3,"s:34:2:34:Infinity":18,"s:37:21:40:Infinity":19,"f:37:21:37:22":4,"s:38:2:38:Infinity":20,"s:39:2:39:Infinity":21,"s:42:19:45:Infinity":22,"f:42:19:42:25":5,"s:43:2:43:Infinity":23,"s:44:2:44:Infinity":24,"s:47:29:55:Infinity":25,"f:47:29:47:36":6,"b:48:2:54:Infinity:undefined:undefined:undefined:undefined":2,"s:48:2:54:Infinity":26,"s:49:4:53:Infinity":27,"s:50:6:50:Infinity":28,"s:69:18:69:Infinity":29,"s:79:21:79:Infinity":30,"b:79:43:79:Infinity:79:43:79:Infinity":3,"b:86:16:86:57:86:57:86:97:86:97:86:126":4,"s:145:21:151:Infinity":31,"s:159:29:165:Infinity":32,"b:159:40:159:Infinity:159:40:159:Infinity":5,"b:165:55:165:Infinity:165:55:165:Infinity":6,"f:173:47:173:49":7,"s:173:49:173:72":33,"f:173:86:173:88":8,"s:173:88:173:Infinity":34}}}
,"/home/runner/work/chromadb-ui/chromadb-ui/src/components/LoadingSkeleton.vue": {"path":"/home/runner/work/chromadb-ui/chromadb-ui/src/components/LoadingSkeleton.vue","statementMap":{"0":{"start":{"line":21,"column":14},"end":{"line":21,"column":null}},"1":{"start":{"line":26,"column":6},"end":{"line":31,"column":null}},"2":{"start":{"line":27,"column":2},"end":{"line":29,"column":null}},"3":{"start":{"line":28,"column":4},"end":{"line":28,"column":null}},"4":{"start":{"line":30,"column":2},"end":{"line":30,"column":null}},"5":{"start":{"line":33,"column":6},"end":{"line":38,"column":null}},"6":{"start":{"line":34,"column":2},"end":{"line":36,"column":null}},"7":{"start":{"line":35,"column":4},"end":{"line":35,"column":null}},"8":{"start":{"line":37,"column":2},"end":{"line":37,"column":null}},"9":{"start":{"line":40,"column":6},"end":{"line":52,"column":null}},"10":{"start":{"line":41,"column":40},"end":{"line":41,"column":null}},"11":{"start":{"line":43,"column":2},"end":{"line":45,"column":null}},"12":{"start":{"line":44,"column":4},"end":{"line":44,"column":null}},"13":{"start":{"line":47,"column":2},"end":{"line":49,"column":null}},"14":{"start":{"line":48,"column":4},"end":{"line":48,"column":null}},"15":{"start":{"line":51,"column":2},"end":{"line":51,"column":null}}},"fnMap":{"0":{"name":"(anonymous_0)","decl":{"start":{"line":26,"column":29},"end":{"line":26,"column":35}},"loc":{"start":{"line":26,"column":35},"end":{"line":31,"column":1}},"line":26},"1":{"name":"(anonymous_1)","decl":{"start":{"line":33,"column":28},"end":{"line":33,"column":34}},"loc":{"start":{"line":33,"column":34},"end":{"line":38,"column":1}},"line":33},"2":{"name":"(anonymous_2)","decl":{"start":{"line":40,"column":29},"end":{"line":40,"column":35}},"loc":{"start":{"line":40,"column":35},"end":{"line":52,"column":1}},"line":40}},"branchMap":{"0":{"loc":{"start":{"line":27,"column":2},"end":{"line":29,"column":null}},"type":"if","locations":[{"start":{"line":27,"column":2},"end":{"line":29,"column":null}},{"start":{},"end":{}}],"line":27},"1":{"loc":{"start":{"line":34,"column":2},"end":{"line":36,"column":null}},"type":"if","locations":[{"start":{"line":34,"column":2},"end":{"line":36,"column":null}},{"start":{},"end":{}}],"line":34},"2":{"loc":{"start":{"line":43,"column":2},"end":{"line":45,"column":null}},"type":"if","locations":[{"start":{"line":43,"column":2},"end":{"line":45,"column":null}},{"start":{},"end":{}}],"line":43},"3":{"loc":{"start":{"line":47,"column":2},"end":{"line":49,"column":null}},"type":"if","locations":[{"start":{"line":47,"column":2},"end":{"line":49,"column":null}},{"start":{},"end":{}}],"line":47},"4":{"loc":{"start":{"line":47,"column":6},"end":{"line":47,"column":65}},"type":"binary-expr","locations":[{"start":{"line":47,"column":6},"end":{"line":47,"column":41}},{"start":{"line":47,"column":41},"end":{"line":47,"column":65}}],"line":47}},"s":{"0":0,"1":0,"2":0,"3":0,"4":0,"5":0,"6":0,"7":0,"8":0,"9":0,"10":0,"11":0,"12":0,"13":0,"14":0,"15":0},"f":{"0":0,"1":0,"2":0},"b":{"0":[0,0],"1":[0,0],"2":[0,0],"3":[0,0],"4":[0,0]},"meta":{"lastBranch":5,"lastFunction":3,"lastStatement":16,"seen":{"s:21:14:21:Infinity":0,"s:26:6:31:Infinity":1,"f:26:29:26:35":0,"b:27:2:29:Infinity:undefined:undefined:undefined:undefined":0,"s:27:2:29:Infinity":2,"s:28:4:28:Infinity":3,"s:30:2:30:Infinity":4,"s:33:6:38:Infinity":5,"f:33:28:33:34":1,"b:34:2:36:Infinity:undefined:undefined:undefined:undefined":1,"s:34:2:36:Infinity":6,"s:35:4:35:Infinity":7,"s:37:2:37:Infinity":8,"s:40:6:52:Infinity":9,"f:40:29:40:35":2,"s:41:40:41:Infinity":10,"b:43:2:45:Infinity:undefined:undefined:undefined:undefined":2,"s:43:2:45:Infinity":11,"s:44:4:44:Infinity":12,"b:47:2:49:Infinity:undefined:undefined:undefined:undefined":3,"s:47:2:49:Infinity":13,"b:47:6:47:41:47:41:47:65":4,"s:48:4:48:Infinity":14,"s:51:2:51:Infinity":15}}}
,"/home/runner/work/chromadb-ui/chromadb-ui/src/components/LoadingSpinner.vue": {"path":"/home/runner/work/chromadb-ui/chromadb-ui/src/components/LoadingSpinner.vue","statementMap":{"0":{"start":{"line":28,"column":14},"end":{"line":28,"column":null}},"1":{"start":{"line":34,"column":6},"end":{"line":43,"column":null}},"2":{"start":{"line":35,"column":2},"end":{"line":42,"column":null}},"3":{"start":{"line":37,"column":6},"end":{"line":37,"column":null}},"4":{"start":{"line":39,"column":6},"end":{"line":39,"column":null}},"5":{"start":{"line":41,"column":6},"end":{"line":41,"column":null}},"6":{"start":{"line":45,"column":6},"end":{"line":50,"column":null}},"7":{"start":{"line":46,"column":2},"end":{"line":48,"column":null}},"8":{"start":{"line":47,"column":4},"end":{"line":47,"column":null}},"9":{"start":{"line":49,"column":2},"end":{"line":49,"column":null}}},"fnMap":{"0":{"name":"(anonymous_0)","decl":{"start":{"line":34,"column":29},"end":{"line":34,"column":35}},"loc":{"start":{"line":34,"column":35},"end":{"line":43,"column":1}},"line":34},"1":{"name":"(anonymous_1)","decl":{"start":{"line":45,"column":34},"end":{"line":45,"column":40}},"loc":{"start":{"line":45,"column":40},"end":{"line":50,"column":1}},"line":45}},"branchMap":{"0":{"loc":{"start":{"line":35,"column":2},"end":{"line":42,"column":null}},"type":"switch","locations":[{"start":{"line":36,"column":4},"end":{"line":37,"column":null}},{"start":{"line":38,"column":4},"end":{"line":39,"column":null}},{"start":{"line":40,"column":4},"end":{"line":41,"column":null}}],"line":35},"1":{"loc":{"start":{"line":46,"column":2},"end":{"line":48,"column":null}},"type":"if","locations":[{"start":{"line":46,"column":2},"end":{"line":48,"column":null}},{"start":{},"end":{}}],"line":46},"2":{"loc":{"start":{"line":13,"column":16},"end":{"line":14,"column":null}},"type":"cond-expr","locations":[{"start":{"line":13,"column":16},"end":{"line":14,"column":null}},{"start":{"line":14,"column":13},"end":{"line":14,"column":null}}],"line":13}},"s":{"0":10,"1":10,"2":10,"3":1,"4":1,"5":8,"6":10,"7":10,"8":1,"9":9},"f":{"0":10,"1":10},"b":{"0":[1,1,8],"1":[1,9],"2":[1,9]},"meta":{"lastBranch":3,"lastFunction":2,"lastStatement":10,"seen":{"s:28:14:28:Infinity":0,"s:34:6:43:Infinity":1,"f:34:29:34:35":0,"b:36:4:37:Infinity:38:4:39:Infinity:40:4:41:Infinity":0,"s:35:2:42:Infinity":2,"s:37:6:37:Infinity":3,"s:39:6:39:Infinity":4,"s:41:6:41:Infinity":5,"s:45:6:50:Infinity":6,"f:45:34:45:40":1,"b:46:2:48:Infinity:undefined:undefined:undefined:undefined":1,"s:46:2:48:Infinity":7,"s:47:4:47:Infinity":8,"s:49:2:49:Infinity":9,"b:13:16:14:Infinity:14:13:14:Infinity":2}}}
,"/home/runner/work/chromadb-ui/chromadb-ui/src/components/LoginScreen.vue": {"path":"/home/runner/work/chromadb-ui/chromadb-ui/src/components/LoginScreen.vue","statementMap":{"0":{"start":{"line":8,"column":6},"end":{"line":8,"column":null}},"1":{"start":{"line":9,"column":6},"end":{"line":9,"column":null}},"2":{"start":{"line":16,"column":18},"end":{"line":16,"column":null}},"3":{"start":{"line":17,"column":14},"end":{"line":17,"column":null}},"4":{"start":{"line":18,"column":2},"end":{"line":21,"column":null}},"5":{"start":{"line":24,"column":67},"end":{"line":24,"column":null}},"6":{"start":{"line":26,"column":6},"end":{"line":26,"column":null}},"7":{"start":{"line":27,"column":6},"end":{"line":27,"column":null}},"8":{"start":{"line":28,"column":6},"end":{"line":28,"column":null}},"9":{"start":{"line":29,"column":6},"end":{"line":29,"column":null}},"10":{"start":{"line":30,"column":6},"end":{"line":30,"column":null}},"11":{"start":{"line":31,"column":6},"end":{"line":31,"column":null}},"12":{"start":{"line":34,"column":0},"end":{"line":46,"column":null}},"13":{"start":{"line":35,"column":8},"end":{"line":35,"column":null}},"14":{"start":{"line":36,"column":2},"end":{"line":45,"column":null}},"15":{"start":{"line":37,"column":4},"end":{"line":37,"column":null}},"16":{"start":{"line":37,"column":33},"end":{"line":37,"column":null}},"17":{"start":{"line":38,"column":4},"end":{"line":38,"column":null}},"18":{"start":{"line":38,"column":32},"end":{"line":38,"column":null}},"19":{"start":{"line":39,"column":4},"end":{"line":39,"column":null}},"20":{"start":{"line":39,"column":30},"end":{"line":39,"column":null}},"21":{"start":{"line":40,"column":4},"end":{"line":40,"column":null}},"22":{"start":{"line":40,"column":32},"end":{"line":40,"column":null}},"23":{"start":{"line":43,"column":4},"end":{"line":43,"column":null}},"24":{"start":{"line":44,"column":4},"end":{"line":44,"column":null}},"25":{"start":{"line":49,"column":2},"end":{"line":49,"column":null}},"26":{"start":{"line":49,"column":21},"end":{"line":49,"column":null}},"27":{"start":{"line":50,"column":2},"end":{"line":50,"column":null}},"28":{"start":{"line":51,"column":2},"end":{"line":51,"column":null}},"29":{"start":{"line":53,"column":2},"end":{"line":82,"column":null}},"30":{"start":{"line":55,"column":20},"end":{"line":55,"column":null}},"31":{"start":{"line":56,"column":10},"end":{"line":56,"column":null}},"32":{"start":{"line":57,"column":4},"end":{"line":57,"column":null}},"33":{"start":{"line":60,"column":4},"end":{"line":65,"column":null}},"34":{"start":{"line":68,"column":4},"end":{"line":73,"column":null}},"35":{"start":{"line":76,"column":22},"end":{"line":76,"column":null}},"36":{"start":{"line":77,"column":4},"end":{"line":77,"column":null}},"37":{"start":{"line":79,"column":4},"end":{"line":79,"column":null}},"38":{"start":{"line":81,"column":4},"end":{"line":81,"column":null}},"39":{"start":{"line":87,"column":7},"end":{"line":129,"column":null}},"40":{"start":{"line":140,"column":13},"end":{"line":140,"column":null}},"41":{"start":{"line":147,"column":23},"end":{"line":147,"column":null}}},"fnMap":{"0":{"name":"parseEnvHost","decl":{"start":{"line":15,"column":9},"end":{"line":15,"column":75}},"loc":{"start":{"line":15,"column":75},"end":{"line":22,"column":null}},"line":15},"1":{"name":"(anonymous_1)","decl":{"start":{"line":34,"column":10},"end":{"line":34,"column":16}},"loc":{"start":{"line":34,"column":16},"end":{"line":46,"column":1}},"line":34},"2":{"name":"handleSubmit","decl":{"start":{"line":48,"column":15},"end":{"line":48,"column":30}},"loc":{"start":{"line":48,"column":30},"end":{"line":83,"column":null}},"line":48}},"branchMap":{"0":{"loc":{"start":{"line":16,"column":18},"end":{"line":16,"column":null}},"type":"binary-expr","locations":[{"start":{"line":16,"column":18},"end":{"line":16,"column":56}},{"start":{"line":16,"column":56},"end":{"line":16,"column":null}}],"line":16},"1":{"loc":{"start":{"line":36,"column":2},"end":{"line":45,"column":null}},"type":"if","locations":[{"start":{"line":36,"column":2},"end":{"line":45,"column":null}},{"start":{"line":41,"column":9},"end":{"line":45,"column":null}}],"line":36},"2":{"loc":{"start":{"line":37,"column":4},"end":{"line":37,"column":null}},"type":"if","locations":[{"start":{"line":37,"column":4},"end":{"line":37,"column":null}},{"start":{},"end":{}}],"line":37},"3":{"loc":{"start":{"line":38,"column":4},"end":{"line":38,"column":null}},"type":"if","locations":[{"start":{"line":38,"column":4},"end":{"line":38,"column":null}},{"start":{},"end":{}}],"line":38},"4":{"loc":{"start":{"line":39,"column":4},"end":{"line":39,"column":null}},"type":"if","locations":[{"start":{"line":39,"column":4},"end":{"line":39,"column":null}},{"start":{},"end":{}}],"line":39},"5":{"loc":{"start":{"line":40,"column":4},"end":{"line":40,"column":null}},"type":"if","locations":[{"start":{"line":40,"column":4},"end":{"line":40,"column":null}},{"start":{},"end":{}}],"line":40},"6":{"loc":{"start":{"line":43,"column":19},"end":{"line":43,"column":null}},"type":"binary-expr","locations":[{"start":{"line":43,"column":19},"end":{"line":43,"column":39}},{"start":{"line":43,"column":39},"end":{"line":43,"column":null}}],"line":43},"7":{"loc":{"start":{"line":44,"column":21},"end":{"line":44,"column":null}},"type":"binary-expr","locations":[{"start":{"line":44,"column":21},"end":{"line":44,"column":43}},{"start":{"line":44,"column":43},"end":{"line":44,"column":null}}],"line":44},"8":{"loc":{"start":{"line":49,"column":2},"end":{"line":49,"column":null}},"type":"if","locations":[{"start":{"line":49,"column":2},"end":{"line":49,"column":null}},{"start":{},"end":{}}],"line":49},"9":{"loc":{"start":{"line":77,"column":16},"end":{"line":77,"column":69}},"type":"cond-expr","locations":[{"start":{"line":77,"column":54},"end":{"line":77,"column":66}},{"start":{"line":77,"column":66},"end":{"line":77,"column":69}}],"line":77},"10":{"loc":{"start":{"line":77,"column":16},"end":{"line":77,"column":54}},"type":"binary-expr","locations":[{"start":{"line":77,"column":16},"end":{"line":77,"column":29}},{"start":{"line":77,"column":29},"end":{"line":77,"column":54}}],"line":77},"11":{"loc":{"start":{"line":79,"column":18},"end":{"line":79,"column":null}},"type":"cond-expr","locations":[{"start":{"line":79,"column":39},"end":{"line":79,"column":51}},{"start":{"line":79,"column":51},"end":{"line":79,"column":null}}],"line":79},"12":{"loc":{"start":{"line":87,"column":81},"end":{"line":100,"column":null}},"type":"cond-expr","locations":[{"start":{"line":100,"column":31},"end":{"line":100,"column":null}},{"start":{"line":100,"column":31},"end":{"line":100,"column":null}}],"line":87},"13":{"loc":{"start":{"line":147,"column":23},"end":{"line":147,"column":null}},"type":"cond-expr","locations":[{"start":{"line":147,"column":30},"end":{"line":147,"column":null}},{"start":{"line":147,"column":30},"end":{"line":147,"column":null}}],"line":147}},"s":{"0":0,"1":0,"2":0,"3":0,"4":0,"5":0,"6":0,"7":0,"8":0,"9":0,"10":0,"11":0,"12":0,"13":0,"14":0,"15":0,"16":0,"17":0,"18":0,"19":0,"20":0,"21":0,"22":0,"23":0,"24":0,"25":0,"26":0,"27":0,"28":0,"29":0,"30":0,"31":0,"32":0,"33":0,"34":0,"35":0,"36":0,"37":0,"38":0,"39":0,"40":0,"41":0},"f":{"0":0,"1":0,"2":0},"b":{"0":[0,0],"1":[0,0],"2":[0,0],"3":[0,0],"4":[0,0],"5":[0,0],"6":[0,0],"7":[0,0],"8":[0,0],"9":[0,0],"10":[0,0],"11":[0,0],"12":[0,0],"13":[0,0]},"meta":{"lastBranch":14,"lastFunction":3,"lastStatement":42,"seen":{"s:8:6:8:Infinity":0,"s:9:6:9:Infinity":1,"f:15:9:15:75":0,"s:16:18:16:Infinity":2,"b:16:18:16:56:16:56:16:Infinity":0,"s:17:14:17:Infinity":3,"s:18:2:21:Infinity":4,"s:24:67:24:Infinity":5,"s:26:6:26:Infinity":6,"s:27:6:27:Infinity":7,"s:28:6:28:Infinity":8,"s:29:6:29:Infinity":9,"s:30:6:30:Infinity":10,"s:31:6:31:Infinity":11,"s:34:0:46:Infinity":12,"f:34:10:34:16":1,"s:35:8:35:Infinity":13,"b:36:2:45:Infinity:41:9:45:Infinity":1,"s:36:2:45:Infinity":14,"b:37:4:37:Infinity:undefined:undefined:undefined:undefined":2,"s:37:4:37:Infinity":15,"s:37:33:37:Infinity":16,"b:38:4:38:Infinity:undefined:undefined:undefined:undefined":3,"s:38:4:38:Infinity":17,"s:38:32:38:Infinity":18,"b:39:4:39:Infinity:undefined:undefined:undefined:undefined":4,"s:39:4:39:Infinity":19,"s:39:30:39:Infinity":20,"b:40:4:40:Infinity:undefined:undefined:undefined:undefined":5,"s:40:4:40:Infinity":21,"s:40:32:40:Infinity":22,"s:43:4:43:Infinity":23,"b:43:19:43:39:43:39:43:Infinity":6,"s:44:4:44:Infinity":24,"b:44:21:44:43:44:43:44:Infinity":7,"f:48:15:48:30":2,"b:49:2:49:Infinity:undefined:undefined:undefined:undefined":8,"s:49:2:49:Infinity":25,"s:49:21:49:Infinity":26,"s:50:2:50:Infinity":27,"s:51:2:51:Infinity":28,"s:53:2:82:Infinity":29,"s:55:20:55:Infinity":30,"s:56:10:56:Infinity":31,"s:57:4:57:Infinity":32,"s:60:4:65:Infinity":33,"s:68:4:73:Infinity":34,"s:76:22:76:Infinity":35,"s:77:4:77:Infinity":36,"b:77:54:77:66:77:66:77:69":9,"b:77:16:77:29:77:29:77:54":10,"s:79:4:79:Infinity":37,"b:79:39:79:51:79:51:79:Infinity":11,"s:81:4:81:Infinity":38,"s:87:7:129:Infinity":39,"b:100:31:100:Infinity:100:31:100:Infinity":12,"s:140:13:140:Infinity":40,"s:147:23:147:Infinity":41,"b:147:30:147:Infinity:147:30:147:Infinity":13}}}
,"/home/runner/work/chromadb-ui/chromadb-ui/src/components/NavBar.vue": {"path":"/home/runner/work/chromadb-ui/chromadb-ui/src/components/NavBar.vue","statementMap":{"0":{"start":{"line":8,"column":6},"end":{"line":8,"column":null}},"1":{"start":{"line":9,"column":6},"end":{"line":9,"column":null}},"2":{"start":{"line":10,"column":6},"end":{"line":10,"column":null}},"3":{"start":{"line":11,"column":6},"end":{"line":11,"column":null}},"4":{"start":{"line":14,"column":2},"end":{"line":14,"column":null}},"5":{"start":{"line":15,"column":2},"end":{"line":15,"column":null}},"6":{"start":{"line":19,"column":2},"end":{"line":19,"column":null}},"7":{"start":{"line":19,"column":30},"end":{"line":19,"column":null}},"8":{"start":{"line":21,"column":23},"end":{"line":21,"column":null}},"9":{"start":{"line":24,"column":2},"end":{"line":47,"column":null}},"10":{"start":{"line":27,"column":6},"end":{"line":27,"column":null}},"11":{"start":{"line":28,"column":6},"end":{"line":28,"column":null}},"12":{"start":{"line":29,"column":6},"end":{"line":29,"column":null}},"13":{"start":{"line":29,"column":46},"end":{"line":29,"column":null}},"14":{"start":{"line":30,"column":6},"end":{"line":30,"column":null}},"15":{"start":{"line":31,"column":6},"end":{"line":31,"column":null}},"16":{"start":{"line":34,"column":6},"end":{"line":34,"column":null}},"17":{"start":{"line":35,"column":6},"end":{"line":35,"column":null}},"18":{"start":{"line":36,"column":6},"end":{"line":36,"column":null}},"19":{"start":{"line":36,"column":25},"end":{"line":36,"column":null}},"20":{"start":{"line":37,"column":6},"end":{"line":37,"column":null}},"21":{"start":{"line":38,"column":6},"end":{"line":38,"column":null}},"22":{"start":{"line":40,"column":6},"end":{"line":40,"column":null}},"23":{"start":{"line":41,"column":6},"end":{"line":41,"column":null}},"24":{"start":{"line":42,"column":6},"end":{"line":42,"column":null}},"25":{"start":{"line":44,"column":6},"end":{"line":44,"column":null}},"26":{"start":{"line":45,"column":6},"end":{"line":45,"column":null}},"27":{"start":{"line":46,"column":6},"end":{"line":46,"column":null}},"28":{"start":{"line":70,"column":17},"end":{"line":70,"column":null}},"29":{"start":{"line":130,"column":12},"end":{"line":130,"column":null}}},"fnMap":{"0":{"name":"handleLogout","decl":{"start":{"line":13,"column":9},"end":{"line":13,"column":24}},"loc":{"start":{"line":13,"column":24},"end":{"line":16,"column":null}},"line":13},"1":{"name":"handleKeydown","decl":{"start":{"line":18,"column":9},"end":{"line":18,"column":23}},"loc":{"start":{"line":18,"column":45},"end":{"line":48,"column":null}},"line":18},"2":{"name":"(anonymous_2)","decl":{"start":{"line":130,"column":10},"end":{"line":130,"column":12}},"loc":{"start":{"line":130,"column":12},"end":{"line":130,"column":null}},"line":130}},"branchMap":{"0":{"loc":{"start":{"line":19,"column":2},"end":{"line":19,"column":null}},"type":"if","locations":[{"start":{"line":19,"column":2},"end":{"line":19,"column":null}},{"start":{},"end":{}}],"line":19},"1":{"loc":{"start":{"line":24,"column":2},"end":{"line":47,"column":null}},"type":"switch","locations":[{"start":{"line":25,"column":4},"end":{"line":25,"column":null}},{"start":{"line":26,"column":4},"end":{"line":31,"column":null}},{"start":{"line":32,"column":4},"end":{"line":32,"column":null}},{"start":{"line":33,"column":4},"end":{"line":38,"column":null}},{"start":{"line":39,"column":4},"end":{"line":42,"column":null}},{"start":{"line":43,"column":4},"end":{"line":46,"column":null}}],"line":24},"2":{"loc":{"start":{"line":29,"column":6},"end":{"line":29,"column":null}},"type":"if","locations":[{"start":{"line":29,"column":6},"end":{"line":29,"column":null}},{"start":{},"end":{}}],"line":29},"3":{"loc":{"start":{"line":36,"column":6},"end":{"line":36,"column":null}},"type":"if","locations":[{"start":{"line":36,"column":6},"end":{"line":36,"column":null}},{"start":{},"end":{}}],"line":36}},"s":{"0":0,"1":0,"2":0,"3":0,"4":0,"5":0,"6":0,"7":0,"8":0,"9":0,"10":0,"11":0,"12":0,"13":0,"14":0,"15":0,"16":0,"17":0,"18":0,"19":0,"20":0,"21":0,"22":0,"23":0,"24":0,"25":0,"26":0,"27":0,"28":0,"29":0},"f":{"0":0,"1":0,"2":0},"b":{"0":[0,0],"1":[0,0,0,0,0,0],"2":[0,0],"3":[0,0]},"meta":{"lastBranch":4,"lastFunction":3,"lastStatement":30,"seen":{"s:8:6:8:Infinity":0,"s:9:6:9:Infinity":1,"s:10:6:10:Infinity":2,"s:11:6:11:Infinity":3,"f:13:9:13:24":0,"s:14:2:14:Infinity":4,"s:15:2:15:Infinity":5,"f:18:9:18:23":1,"b:19:2:19:Infinity:undefined:undefined:undefined:undefined":0,"s:19:2:19:Infinity":6,"s:19:30:19:Infinity":7,"s:21:23:21:Infinity":8,"b:25:4:25:Infinity:26:4:31:Infinity:32:4:32:Infinity:33:4:38:Infinity:39:4:42:Infinity:43:4:46:Infinity":1,"s:24:2:47:Infinity":9,"s:27:6:27:Infinity":10,"s:28:6:28:Infinity":11,"b:29:6:29:Infinity:undefined:undefined:undefined:undefined":2,"s:29:6:29:Infinity":12,"s:29:46:29:Infinity":13,"s:30:6:30:Infinity":14,"s:31:6:31:Infinity":15,"s:34:6:34:Infinity":16,"s:35:6:35:Infinity":17,"b:36:6:36:Infinity:undefined:undefined:undefined:undefined":3,"s:36:6:36:Infinity":18,"s:36:25:36:Infinity":19,"s:37:6:37:Infinity":20,"s:38:6:38:Infinity":21,"s:40:6:40:Infinity":22,"s:41:6:41:Infinity":23,"s:42:6:42:Infinity":24,"s:44:6:44:Infinity":25,"s:45:6:45:Infinity":26,"s:46:6:46:Infinity":27,"s:70:17:70:Infinity":28,"f:130:10:130:12":2,"s:130:12:130:Infinity":29}}}
,"/home/runner/work/chromadb-ui/chromadb-ui/src/components/NotificationList.vue": {"path":"/home/runner/work/chromadb-ui/chromadb-ui/src/components/NotificationList.vue","statementMap":{"0":{"start":{"line":60,"column":6},"end":{"line":60,"column":null}},"1":{"start":{"line":61,"column":22},"end":{"line":61,"column":null}},"2":{"start":{"line":62,"column":27},"end":{"line":62,"column":null}},"3":{"start":{"line":2,"column":7},"end":{"line":2,"column":null}},"4":{"start":{"line":18,"column":13},"end":{"line":18,"column":null}},"5":{"start":{"line":19,"column":15},"end":{"line":19,"column":null}},"6":{"start":{"line":20,"column":17},"end":{"line":20,"column":null}},"7":{"start":{"line":38,"column":17},"end":{"line":38,"column":null}},"8":{"start":{"line":39,"column":17},"end":{"line":39,"column":63}},"9":{"start":{"line":16,"column":16},"end":{"line":16,"column":null}},"10":{"start":{"line":43,"column":25},"end":{"line":43,"column":null}}},"fnMap":{"0":{"name":"(anonymous_0)","decl":{"start":{"line":16,"column":14},"end":{"line":16,"column":16}},"loc":{"start":{"line":16,"column":16},"end":{"line":16,"column":null}},"line":16},"1":{"name":"(anonymous_1)","decl":{"start":{"line":43,"column":18},"end":{"line":43,"column":25}},"loc":{"start":{"line":43,"column":25},"end":{"line":43,"column":null}},"line":43}},"branchMap":{},"s":{"0":10,"1":10,"2":10,"3":1,"4":1,"5":1,"6":1,"7":1,"8":1,"9":1,"10":1},"f":{"0":1,"1":1},"b":{},"meta":{"lastBranch":0,"lastFunction":0,"lastStatement":0,"seen":{}}}
,"/home/runner/work/chromadb-ui/chromadb-ui/src/components/ShortcutHelpModal.vue": {"path":"/home/runner/work/chromadb-ui/chromadb-ui/src/components/ShortcutHelpModal.vue","statementMap":{"0":{"start":{"line":4,"column":14},"end":{"line":4,"column":null}},"1":{"start":{"line":9,"column":13},"end":{"line":9,"column":null}},"2":{"start":{"line":13,"column":20},"end":{"line":15,"column":null}},"3":{"start":{"line":14,"column":2},"end":{"line":14,"column":null}},"4":{"start":{"line":17,"column":6},"end":{"line":19,"column":null}},"5":{"start":{"line":18,"column":2},"end":{"line":18,"column":null}},"6":{"start":{"line":18,"column":45},"end":{"line":18,"column":87}},"7":{"start":{"line":47,"column":62},"end":{"line":49,"column":null}}},"fnMap":{"0":{"name":"(anonymous_0)","decl":{"start":{"line":13,"column":20},"end":{"line":13,"column":26}},"loc":{"start":{"line":13,"column":26},"end":{"line":15,"column":null}},"line":13},"1":{"name":"(anonymous_1)","decl":{"start":{"line":17,"column":33},"end":{"line":17,"column":39}},"loc":{"start":{"line":17,"column":39},"end":{"line":19,"column":1}},"line":17},"2":{"name":"(anonymous_2)","decl":{"start":{"line":18,"column":35},"end":{"line":18,"column":36}},"loc":{"start":{"line":18,"column":45},"end":{"line":18,"column":87}},"line":18}},"branchMap":{},"s":{"0":0,"1":0,"2":0,"3":0,"4":0,"5":0,"6":0,"7":0},"f":{"0":0,"1":0,"2":0},"b":{},"meta":{"lastBranch":0,"lastFunction":3,"lastStatement":8,"seen":{"s:4:14:4:Infinity":0,"s:9:13:9:Infinity":1,"s:13:20:15:Infinity":2,"f:13:20:13:26":0,"s:14:2:14:Infinity":3,"s:17:6:19:Infinity":4,"f:17:33:17:39":1,"s:18:2:18:Infinity":5,"f:18:35:18:36":2,"s:18:45:18:87":6,"s:47:62:49:Infinity":7}}}
,"/home/runner/work/chromadb-ui/chromadb-ui/src/components/ThemeToggle.vue": {"path":"/home/runner/work/chromadb-ui/chromadb-ui/src/components/ThemeToggle.vue","statementMap":{"0":{"start":{"line":5,"column":26},"end":{"line":5,"column":null}},"1":{"start":{"line":17,"column":10},"end":{"line":17,"column":26}},"2":{"start":{"line":11,"column":12},"end":{"line":11,"column":null}}},"fnMap":{"0":{"name":"(anonymous_0)","decl":{"start":{"line":11,"column":10},"end":{"line":11,"column":12}},"loc":{"start":{"line":11,"column":12},"end":{"line":11,"column":null}},"line":11}},"branchMap":{"0":{"loc":{"start":{"line":11,"column":10},"end":{"line":11,"column":null}},"type":"binary-expr","locations":[{"start":{"line":11,"column":10},"end":{"line":11,"column":12}},{"start":{"line":11,"column":10},"end":{"line":11,"column":null}}],"line":11},"1":{"loc":{"start":{"line":11,"column":12},"end":{"line":11,"column":null}},"type":"binary-expr","locations":[{"start":{"line":11,"column":12},"end":{"line":11,"column":null}},{"start":{"line":11,"column":12},"end":{"line":11,"column":null}}],"line":11},"2":{"loc":{"start":{"line":12,"column":25},"end":{"line":12,"column":null}},"type":"cond-expr","locations":[{"start":{"line":12,"column":30},"end":{"line":12,"column":null}},{"start":{"line":12,"column":30},"end":{"line":12,"column":null}}],"line":12},"3":{"loc":{"start":{"line":14,"column":30},"end":{"line":14,"column":null}},"type":"cond-expr","locations":[{"start":{"line":14,"column":35},"end":{"line":14,"column":null}},{"start":{"line":14,"column":35},"end":{"line":14,"column":null}}],"line":14},"4":{"loc":{"start":{"line":18,"column":50},"end":{"line":18,"column":89}},"type":"cond-expr","locations":[{"start":{"line":18,"column":55},"end":{"line":18,"column":89}},{"start":{"line":18,"column":55},"end":{"line":18,"column":89}}],"line":18},"5":{"loc":{"start":{"line":32,"column":10},"end":{"line":34,"column":null}},"type":"binary-expr","locations":[{"start":{"line":32,"column":10},"end":{"line":32,"column":null}},{"start":{"line":32,"column":10},"end":{"line":34,"column":null}}],"line":32}},"s":{"0":7,"1":1,"2":2},"f":{"0":2},"b":{"0":[9,7],"1":[2,2],"2":[7,2],"3":[7,2],"4":[7,2],"5":[7,7]},"meta":{"lastBranch":6,"lastFunction":1,"lastStatement":3,"seen":{"s:5:26:5:Infinity":0,"s:17:10:17:26":1,"b:11:10:11:12:11:10:11:Infinity":0,"f:11:10:11:12":0,"s:11:12:11:Infinity":2,"b:11:12:11:Infinity:11:12:11:Infinity":1,"b:12:30:12:Infinity:12:30:12:Infinity":2,"b:14:35:14:Infinity:14:35:14:Infinity":3,"b:18:55:18:89:18:55:18:89":4,"b:32:10:32:Infinity:32:10:34:Infinity":5}}}
,"/home/runner/work/chromadb-ui/chromadb-ui/src/components/MetadataEditor/MetadataField.vue": {"path":"/home/runner/work/chromadb-ui/chromadb-ui/src/components/MetadataEditor/MetadataField.vue","statementMap":{"0":{"start":{"line":5,"column":14},"end":{"line":5,"column":null}},"1":{"start":{"line":11,"column":13},"end":{"line":11,"column":null}},"2":{"start":{"line":16,"column":20},"end":{"line":21,"column":null}},"3":{"start":{"line":17,"column":2},"end":{"line":20,"column":null}},"4":{"start":{"line":25,"column":12},"end":{"line":42,"column":null}},"5":{"start":{"line":56,"column":9},"end":{"line":56,"column":null}},"6":{"start":{"line":69,"column":7},"end":{"line":74,"column":null}},"7":{"start":{"line":86,"column":9},"end":{"line":86,"column":null}},"8":{"start":{"line":96,"column":11},"end":{"line":107,"column":null}},"9":{"start":{"line":122,"column":9},"end":{"line":129,"column":null}},"10":{"start":{"line":137,"column":7},"end":{"line":147,"column":null}}},"fnMap":{"0":{"name":"(anonymous_0)","decl":{"start":{"line":16,"column":20},"end":{"line":16,"column":21}},"loc":{"start":{"line":16,"column":66},"end":{"line":21,"column":null}},"line":16}},"branchMap":{"0":{"loc":{"start":{"line":34,"column":66},"end":{"line":34,"column":163}},"type":"binary-expr","locations":[{"start":{"line":34,"column":66},"end":{"line":34,"column":71}},{"start":{"line":34,"column":71},"end":{"line":34,"column":95}},{"start":{"line":34,"column":95},"end":{"line":34,"column":163}}],"line":34},"1":{"loc":{"start":{"line":41,"column":23},"end":{"line":41,"column":null}},"type":"cond-expr","locations":[{"start":{"line":41,"column":66},"end":{"line":41,"column":null}},{"start":{"line":41,"column":66},"end":{"line":41,"column":null}}],"line":41},"2":{"loc":{"start":{"line":41,"column":23},"end":{"line":41,"column":66}},"type":"binary-expr","locations":[{"start":{"line":41,"column":23},"end":{"line":41,"column":28}},{"start":{"line":41,"column":28},"end":{"line":41,"column":52}},{"start":{"line":41,"column":52},"end":{"line":41,"column":66}}],"line":41},"3":{"loc":{"start":{"line":42,"column":27},"end":{"line":42,"column":108}},"type":"cond-expr","locations":[{"start":{"line":42,"column":70},"end":{"line":42,"column":99}},{"start":{"line":42,"column":99},"end":{"line":42,"column":108}}],"line":42},"4":{"loc":{"start":{"line":42,"column":27},"end":{"line":42,"column":70}},"type":"binary-expr","locations":[{"start":{"line":42,"column":27},"end":{"line":42,"column":32}},{"start":{"line":42,"column":32},"end":{"line":42,"column":56}},{"start":{"line":42,"column":56},"end":{"line":42,"column":70}}],"line":42},"5":{"loc":{"start":{
[...]
/chromadb-ui/src/utils/documentTypes.ts","statementMap":{"0":{"start":{"line":9,"column":34},"end":{"line":22,"column":null}},"1":{"start":{"line":10,"column":2},"end":{"line":21,"column":null}},"2":{"start":{"line":12,"column":6},"end":{"line":12,"column":null}},"3":{"start":{"line":14,"column":6},"end":{"line":14,"column":null}},"4":{"start":{"line":16,"column":6},"end":{"line":16,"column":null}},"5":{"start":{"line":18,"column":6},"end":{"line":18,"column":null}},"6":{"start":{"line":20,"column":6},"end":{"line":20,"column":null}},"7":{"start":{"line":24,"column":34},"end":{"line":37,"column":null}},"8":{"start":{"line":25,"column":2},"end":{"line":36,"column":null}},"9":{"start":{"line":27,"column":6},"end":{"line":27,"column":null}},"10":{"start":{"line":29,"column":6},"end":{"line":29,"column":null}},"11":{"start":{"line":31,"column":6},"end":{"line":31,"column":null}},"12":{"start":{"line":33,"column":6},"end":{"line":33,"column":null}},"13":{"start":{"line":35,"column":6},"end":{"line":35,"column":null}},"14":{"start":{"line":39,"column":28},"end":{"line":54,"column":null}},"15":{"start":{"line":40,"column":2},"end":{"line":40,"column":null}},"16":{"start":{"line":40,"column":26},"end":{"line":40,"column":null}},"17":{"start":{"line":42,"column":2},"end":{"line":53,"column":null}},"18":{"start":{"line":44,"column":6},"end":{"line":44,"column":null}},"19":{"start":{"line":46,"column":6},"end":{"line":46,"column":null}},"20":{"start":{"line":48,"column":6},"end":{"line":48,"column":null}},"21":{"start":{"line":50,"column":6},"end":{"line":50,"column":null}},"22":{"start":{"line":52,"column":6},"end":{"line":52,"column":null}},"23":{"start":{"line":56,"column":34},"end":{"line":68,"column":null}},"24":{"start":{"line":57,"column":16},"end":{"line":57,"column":null}},"25":{"start":{"line":58,"column":2},"end":{"line":67,"column":null}},"26":{"start":{"line":60,"column":6},"end":{"line":60,"column":null}},"27":{"start":{"line":62,"column":6},"end":{"line":62,"column":null}},"28":{"start":{"line":64,"column":6},"end":{"line":64,"column":null}},"29":{"start":{"line":66,"column":6},"end":{"line":66,"column":null}}},"fnMap":{"0":{"name":"(anonymous_0)","decl":{"start":{"line":9,"column":34},"end":{"line":9,"column":35}},"loc":{"start":{"line":9,"column":66},"end":{"line":22,"column":null}},"line":9},"1":{"name":"(anonymous_1)","decl":{"start":{"line":24,"column":34},"end":{"line":24,"column":35}},"loc":{"start":{"line":24,"column":66},"end":{"line":37,"column":null}},"line":24},"2":{"name":"(anonymous_2)","decl":{"start":{"line":39,"column":28},"end":{"line":39,"column":29}},"loc":{"start":{"line":39,"column":61},"end":{"line":54,"column":null}},"line":39},"3":{"name":"(anonymous_3)","decl":{"start":{"line":56,"column":34},"end":{"line":56,"column":35}},"loc":{"start":{"line":56,"column":63},"end":{"line":68,"column":null}},"line":56}},"branchMap":{"0":{"loc":{"start":{"line":10,"column":2},"end":{"line":21,"column":null}},"type":"switch","locations":[{"start":{"line":11,"column":4},"end":{"line":12,"column":null}},{"start":{"line":13,"column":4},"end":{"line":14,"column":null}},{"start":{"line":15,"column":4},"end":{"line":16,"column":null}},{"start":{"line":17,"column":4},"end":{"line":18,"column":null}},{"start":{"line":19,"column":4},"end":{"line":20,"column":null}}],"line":10},"1":{"loc":{"start":{"line":25,"column":2},"end":{"line":36,"column":null}},"type":"switch","locations":[{"start":{"line":26,"column":4},"end":{"line":27,"column":null}},{"start":{"line":28,"column":4},"end":{"line":29,"column":null}},{"start":{"line":30,"column":4},"end":{"line":31,"column":null}},{"start":{"line":32,"column":4},"end":{"line":33,"column":null}},{"start":{"line":34,"column":4},"end":{"line":35,"column":null}}],"line":25},"2":{"loc":{"start":{"line":40,"column":2},"end":{"line":40,"column":null}},"type":"if","locations":[{"start":{"line":40,"column":2},"end":{"line":40,"column":null}},{"start":{},"end":{}}],"line":40},"3":{"loc":{"start":{"line":42,"column":2},"end":{"line":53,"column":null}},"type":"switch","locations":[{"start":{"line":43,"column":4},"end":{"line":44,"column":null}},{"start":{"line":45,"column":4},"end":{"line":46,"column":null}},{"start":{"line":47,"column":4},"end":{"line":48,"column":null}},{"start":{"line":49,"column":4},"end":{"line":50,"column":null}},{"start":{"line":51,"column":4},"end":{"line":52,"column":null}}],"line":42},"4":{"loc":{"start":{"line":46,"column":13},"end":{"line":46,"column":null}},"type":"binary-expr","locations":[{"start":{"line":46,"column":13},"end":{"line":46,"column":45}},{"start":{"line":46,"column":45},"end":{"line":46,"column":null}}],"line":46},"5":{"loc":{"start":{"line":50,"column":13},"end":{"line":50,"column":null}},"type":"binary-expr","locations":[{"start":{"line":50,"column":13},"end":{"line":50,"column":38}},{"start":{"line":50,"column":38},"end":{"line":50,"column":null}}],"line":50},"6":{"loc":{"start":{"line":58,"column":2},"end":{"line":67,"column":null}},"type":"switch","locations":[{"start":{"line":59,"column":4},"end":{"line":60,"column":null}},{"start":{"line":61,"column":4},"end":{"line":62,"column":null}},{"start":{"line":63,"column":4},"end":{"line":64,"column":null}},{"start":{"line":65,"column":4},"end":{"line":66,"column":null}}],"line":58}},"s":{"0":2,"1":4,"2":1,"3":1,"4":1,"5":1,"6":0,"7":2,"8":4,"9":1,"10":1,"11":1,"12":1,"13":0,"14":2,"15":16,"16":1,"17":15,"18":2,"19":4,"20":4,"21":5,"22":0,"23":2,"24":5,"25":5,"26":1,"27":1,"28":2,"29":1},"f":{"0":4,"1":4,"2":16,"3":5},"b":{"0":[1,1,1,1,0],"1":[1,1,1,1,0],"2":[1,15],"3":[15,4,4,5,0],"4":[4,4],"5":[5,3],"6":[1,1,2,1]},"meta":{"lastBranch":7,"lastFunction":4,"lastStatement":30,"seen":{"s:9:34:22:Infinity":0,"f:9:34:9:35":0,"b:11:4:12:Infinity:13:4:14:Infinity:15:4:16:Infinity:17:4:18:Infinity:19:4:20:Infinity":0,"s:10:2:21:Infinity":1,"s:12:6:12:Infinity":2,"s:14:6:14:Infinity":3,"s:16:6:16:Infinity":4,"s:18:6:18:Infinity":5,"s:20:6:20:Infinity":6,"s:24:34:37:Infinity":7,"f:24:34:24:35":1,"b:26:4:27:Infinity:28:4:29:Infinity:30:4:31:Infinity:32:4:33:Infinity:34:4:35:Infinity":1,"s:25:2:36:Infinity":8,"s:27:6:27:Infinity":9,"s:29:6:29:Infinity":10,"s:31:6:31:Infinity":11,"s:33:6:33:Infinity":12,"s:35:6:35:Infinity":13,"s:39:28:54:Infinity":14,"f:39:28:39:29":2,"b:40:2:40:Infinity:undefined:undefined:undefined:undefined":2,"s:40:2:40:Infinity":15,"s:40:26:40:Infinity":16,"b:43:4:44:Infinity:45:4:46:Infinity:47:4:48:Infinity:49:4:50:Infinity:51:4:52:Infinity":3,"s:42:2:53:Infinity":17,"s:44:6:44:Infinity":18,"s:46:6:46:Infinity":19,"b:46:13:46:45:46:45:46:Infinity":4,"s:48:6:48:Infinity":20,"s:50:6:50:Infinity":21,"b:50:13:50:38:50:38:50:Infinity":5,"s:52:6:52:Infinity":22,"s:56:34:68:Infinity":23,"f:56:34:56:35":3,"s:57:16:57:Infinity":24,"b:59:4:60:Infinity:61:4:62:Infinity:63:4:64:Infinity:65:4:66:Infinity":6,"s:58:2:67:Infinity":25,"s:60:6:60:Infinity":26,"s:62:6:62:Infinity":27,"s:64:6:64:Infinity":28,"s:66:6:66:Infinity":29}}}
,"/home/runner/work/chromadb-ui/chromadb-ui/src/utils/secureStorage.ts": {"path":"/home/runner/work/chromadb-ui/chromadb-ui/src/utils/secureStorage.ts","statementMap":{"0":{"start":{"line":17,"column":22},"end":{"line":17,"column":null}},"1":{"start":{"line":23,"column":18},"end":{"line":23,"column":null}},"2":{"start":{"line":24,"column":22},"end":{"line":30,"column":null}},"3":{"start":{"line":32,"column":2},"end":{"line":43,"column":null}},"4":{"start":{"line":52,"column":2},"end":{"line":54,"column":null}},"5":{"start":{"line":53,"column":4},"end":{"line":53,"column":null}},"6":{"start":{"line":57,"column":22},"end":{"line":64,"column":null}},"7":{"start":{"line":67,"column":13},"end":{"line":67,"column":null}},"8":{"start":{"line":68,"column":2},"end":{"line":72,"column":null}},"9":{"start":{"line":68,"column":15},"end":{"line":68,"column":18}},"10":{"start":{"line":69,"column":17},"end":{"line":69,"column":null}},"11":{"start":{"line":70,"column":4},"end":{"line":70,"column":null}},"12":{"start":{"line":71,"column":4},"end":{"line":71,"column":null}},"13":{"start":{"line":74,"column":2},"end":{"line":74,"column":null}},"14":{"start":{"line":81,"column":36},"end":{"line":81,"column":null}},"15":{"start":{"line":82,"column":18},"end":{"line":82,"column":null}},"16":{"start":{"line":83,"column":20},"end":{"line":83,"column":null}},"17":{"start":{"line":86,"column":15},"end":{"line":86,"column":null}},"18":{"start":{"line":87,"column":13},"end":{"line":87,"column":null}},"19":{"start":{"line":88,"column":2},"end":{"line":88,"column":null}},"20":{"start":{"line":89,"column":2},"end":{"line":89,"column":null}},"21":{"start":{"line":92,"column":14},"end":{"line":92,"column":null}},"22":{"start":{"line":95,"column":21},"end":{"line":99,"column":null}},"23":{"start":{"line":102,"column":2},"end":{"line":106,"column":null}},"24":{"start":{"line":113,"column":2},"end":{"line":136,"column":null}},"25":{"start":{"line":115,"column":23},"end":{"line":115,"column":null}},"26":{"start":{"line":115,"column":70},"end":{"line":115,"column":85}},"27":{"start":{"line":116,"column":15},"end":{"line":116,"column":null}},"28":{"start":{"line":116,"column":54},"end":{"line":116,"column":69}},"29":{"start":{"line":117,"column":17},"end":{"line":117,"column":null}},"30":{"start":{"line":117,"column":58},"end":{"line":117,"column":73}},"31":{"start":{"line":120,"column":16},"end":{"line":120,"column":null}},"32":{"start":{"line":123,"column":22},"end":{"line":127,"column":null}},"33":{"start":{"line":130,"column":20},"end":{"line":130,"column":null}},"34":{"start":{"line":131,"column":23},"end":{"line":131,"column":null}},"35":{"start":{"line":132,"column":4},"end":{"line":132,"column":null}},"36":{"start":{"line":134,"column":4},"end":{"line":134,"column":null}},"37":{"start":{"line":135,"column":4},"end":{"line":135,"column":null}},"38":{"start":{"line":143,"column":20},"end":{"line":143,"column":null}},"39":{"start":{"line":144,"column":18},"end":{"line":144,"column":null}},"40":{"start":{"line":145,"column":2},"end":{"line":145,"column":null}},"41":{"start":{"line":153,"column":22},"end":{"line":153,"column":null}},"42":{"start":{"line":154,"column":2},"end":{"line":156,"column":null}},"43":{"start":{"line":155,"column":4},"end":{"line":155,"column":null}},"44":{"start":{"line":158,"column":2},"end":{"line":179,"column":null}},"45":{"start":{"line":159,"column":38},"end":{"line":159,"column":null}},"46":{"start":{"line":160,"column":23},"end":{"line":160,"column":null}},"47":{"start":{"line":162,"column":4},"end":{"line":166,"column":null}},"48":{"start":{"line":164,"column":6},"end":{"line":164,"column":null}},"49":{"start":{"line":165,"column":6},"end":{"line":165,"column":null}},"50":{"start":{"line":169,"column":4},"end":{"line":172,"column":null}},"51":{"start":{"line":170,"column":6},"end":{"line":170,"column":null}},"52":{"start":{"line":171,"column":6},"end":{"line":171,"column":null}},"53":{"start":{"line":174,"column":4},"end":{"line":174,"column":null}},"54":{"start":{"line":176,"column":4},"end":{"line":176,"column":null}},"55":{"start":{"line":177,"column":4},"end":{"line":177,"column":null}},"56":{"start":{"line":178,"column":4},"end":{"line":178,"column":null}},"57":{"start":{"line":186,"column":2},"end":{"line":186,"column":null}},"58":{"start":{"line":193,"column":15},"end":{"line":193,"column":null}},"59":{"start":{"line":195,"column":2},"end":{"line":212,"column":null}},"60":{"start":{"line":196,"column":24},"end":{"line":196,"column":null}},"61":{"start":{"line":197,"column":4},"end":{"line":197,"column":null}},"62":{"start":{"line":197,"column":22},"end":{"line":197,"column":null}},"63":{"start":{"line":199,"column":4},"end":{"line":211,"column":null}},"64":{"start":{"line":200,"column":40},"end":{"line":200,"column":null}},"65":{"start":{"line":202,"column":6},"end":{"line":207,"column":null}},"66":{"start":{"line":203,"column":27},"end":{"line":203,"column":null}},"67":{"start":{"line":204,"column":8},"end":{"line":206,"column":null}},"68":{"start":{"line":205,"column":10},"end":{"line":205,"column":null}},"69":{"start":{"line":210,"column":6},"end":{"line":210,"column":null}}},"fnMap":{"0":{"name":"deriveKey","decl":{"start":{"line":22,"column":15},"end":{"line":22,"column":25}},"loc":{"start":{"line":22,"column":83},"end":{"line":44,"column":null}},"line":22},"1":{"name":"getSessionKey","decl":{"start":{"line":50,"column":9},"end":{"line":50,"column":33}},"loc":{"start":{"line":50,"column":33},"end":{"line":75,"column":null}},"line":50},"2":{"name":"encryptData","decl":{"start":{"line":80,"column":15},"end":{"line":80,"column":30}},"loc":{"start":{"line":80,"column":85},"end":{"line":107,"column":null}},"line":80},"3":{"name":"decryptData","decl":{"start":{"line":112,"column":15},"end":{"line":112,"column":30}},"loc":{"start":{"line":112,"column":88},"end":{"line":137,"column":null}},"line":112},"4":{"name":"(anonymous_4)","decl":{"start":{"line":115,"column":65},"end":{"line":115,"column":70}},"loc":{"start":{"line":115,"column":70},"end":{"line":115,"column":85}},"line":115},"5":{"name":"(anonymous_5)","decl":{"start":{"line":116,"column":49},"end":{"line":116,"column":54}},"loc":{"start":{"line":116,"column":54},"end":{"line":116,"column":69}},"line":116},"6":{"name":"(anonymous_6)","decl":{"start":{"line":117,"column":53},"end":{"line":117,"column":58}},"loc":{"start":{"line":117,"column":58},"end":{"line":117,"column":73}},"line":117},"7":{"name":"setSecureItem","decl":{"start":{"line":142,"column":22},"end":{"line":142,"column":39}},"loc":{"start":{"line":142,"column":115},"end":{"line":146,"column":null}},"line":142},"8":{"name":"getSecureItem","decl":{"start":{"line":152,"column":22},"end":{"line":152,"column":39}},"loc":{"start":{"line":152,"column":71},"end":{"line":180,"column":null}},"line":152},"9":{"name":"removeSecureItem","decl":{"start":{"line":185,"column":16},"end":{"line":185,"column":33}},"loc":{"start":{"line":185,"column":52},"end":{"line":187,"column":null}},"line":185},"10":{"name":"clearExpiredItems","decl":{"start":{"line":192,"column":22},"end":{"line":192,"column":57}},"loc":{"start":{"line":192,"column":57},"end":{"line":213,"column":null}},"line":192}},"branchMap":{"0":{"loc":{"start":{"line":52,"column":2},"end":{"line":54,"column":null}},"type":"if","locations":[{"start":{"line":52,"column":2},"end":{"line":54,"column":null}},{"start":{},"end":{}}],"line":52},"1":{"loc":{"start":{"line":52,"column":6},"end":{"line":52,"column":64}},"type":"binary-expr","locations":[{"start":{"line":52,"column":6},"end":{"line":52,"column":40}},{"start":{"line":52,"column":40},"end":{"line":52,"column":64}}],"line":52},"2":{"loc":{"start":{"line":142,"column":62},"end":{"line":142,"column":115}},"type":"default-arg","locations":[{"start":{"line":142,"column":85},"end":{"line":142,"column":115}}],"line":142},"3":{"loc":{"start":{"line":154,"column":2},"end":{"line":156,"column":null}},"type":"if","locations":[{"start":{"line":154,"column":2},"end":{"line":156,"column":null}},{"start":{},"end":{}}],"line":154},"4":{"loc":{"start":{"line":162,"column":4},"end":{"line":166,"column":null}},"type":"if","locations":[{"start":{"line":162,"column":4},"end":{"line":166,"column":null}},{"start":{},"end":{}}],"line":162},"5":{"loc":{"start":{"line":169,"column":4},"end":{"line":172,"column":null}},"type":"if","locations":[{"start":{"line":169,"column":4},"end":{"line":172,"column":null}},{"start":{},"end":{}}],"line":169},"6":{"loc":{"start":{"line":197,"column":4},"end":{"line":197,"column":null}},"type":"if","locations":[{"start":{"line":197,"column":4},"end":{"line":197,"column":null}},{"start":{},"end":{}}],"line":197},"7":{"loc":{"start":{"line":202,"column":6},"end":{"line":207,"column":null}},"type":"if","locations":[{"start":{"line":202,"column":6},"end":{"line":207,"column":null}},{"start":{},"end":{}}],"line":202},"8":{"loc":{"start":{"line":202,"column":10},"end":{"line":202,"column":60}},"type":"binary-expr","locations":[{"start":{"line":202,"column":10},"end":{"line":202,"column":32}},{"start":{"line":202,"column":32},"end":{"line":202,"column":46}},{"start":{"line":202,"column":46},"end":{"line":202,"column":60}}],"line":202},"9":{"loc":{"start":{"line":204,"column":8},"end":{"line":206,"column":null}},"type":"if","locations":[{"start":{"line":204,"column":8},"end":{"line":206,"column":null}},{"start":{},"end":{}}],"line":204},"10":{"loc":{"start":{"line":204,"column":12},"end":{"line":204,"column":61}},"type":"binary-expr","locations":[{"start":{"line":204,"column":12},"end":{"line":204,"column":26}},{"start":{"line":204,"column":26},"end":{"line":204,"column":61}}],"line":204}},"s":{"0":2,"1":0,"2":0,"3":0,"4":0,"5":0,"6":0,"7":0,"8":0,"9":0,"10":0,"11":0,"12":0,"13":0,"14":0,"15":0,"16":0,"17":0,"18":0,"19":0,"20":0,"21":0,"22":0,"23":0,"24":0,"25":0,"26":0,"27":0,"28":0,"29":0,"30":0,"31":0,"32":0,"33":0,"34":0,"35":0,"36":0,"37":0,"38":0,"39":0,"40":0,"41":0,"42":0,"43":0,"44":0,"45":0,"46":0,"47":0,"48":0,"49":0,"50":0,"51":0,"52":0,"53":0,"54":0,"55":0,"56":0,"57":3,"58":0,"59":0,"60":0,"61":0,"62":0,"63":0,"64":0,"65":0,"66":0,"67":0,"68":0,"69":0},"f":{"0":0,"1":0,"2":0,"3":0,"4":0,"5":0,"6":0,"7":0,"8":0,"9":3,"10":0},"b":{"0":[0,0],"1":[0,0],"2":[0],"3":[0,0],"4":[0,0],"5":[0,0],"6":[0,0],"7":[0,0],"8":[0,0,0],"9":[0,0],"10":[0,0]},"meta":{"lastBranch":11,"lastFunction":11,"lastStatement":70,"seen":{"s:17:22:17:Infinity":0,"f:22:15:22:25":0,"s:23:18:23:Infinity":1,"s:24:22:30:Infinity":2,"s:32:2:43:Infinity":3,"f:50:9:50:33":1,"b:52:2:54:Infinity:undefined:undefined:undefined:undefined":0,"s:52:2:54:Infinity":4,"b:52:6:52:40:52:40:52:64":1,"s:53:4:53:Infinity":5,"s:57:22:64:Infinity":6,"s:67:13:67:Infinity":7,"s:68:2:72:Infinity":8,"s:68:15:68:18":9,"s:69:17:69:Infinity":10,"s:70:4:70:Infinity":11,"s:71:4:71:Infinity":12,"s:74:2:74:Infinity":13,"f:80:15:80:30":2,"s:81:36:81:Infinity":14,"s:82:18:82:Infinity":15,"s:83:20:83:Infinity":16,"s:86:15:86:Infinity":17,"s:87:13:87:Infinity":18,"s:88:2:88:Infinity":19,"s:89:2:89:Infinity":20,"s:92:14:92:Infinity":21,"s:95:21:99:Infinity":22,"s:102:2:106:Infinity":23,"f:112:15:112:30":3,"s:113:2:136:Infinity":24,"s:115:23:115:Infinity":25,"f:115:65:115:70":4,"s:115:70:115:85":26,"s:116:15:116:Infinity":27,"f:116:49:116:54":5,"s:116:54:116:69":28,"s:117:17:117:Infinity":29,"f:117:53:117:58":6,"s:117:58:117:73":30,"s:120:16:120:Infinity":31,"s:123:22:127:Infinity":32,"s:130:20:130:Infinity":33,"s:131:23:131:Infinity":34,"s:132:4:132:Infinity":35,"s:134:4:134:Infinity":36,"s:135:4:135:Infinity":37,"f:142:22:142:39":7,"b:142:85:142:115":2,"s:143:20:143:Infinity":38,"s:144:18:144:Infinity":39,"s:145:2:145:Infinity":40,"f:152:22:152:39":8,"s:153:22:153:Infinity":41,"b:154:2:156:Infinity:undefined:undefined:undefined:undefined":3,"s:154:2:156:Infinity":42,"s:155:4:155:Infinity":43,"s:158:2:179:Infinity":44,"s:159:38:159:Infinity":45,"s:160:23:160:Infinity":46,"b:162:4:166:Infinity:undefined:undefined:undefined:undefined":4,"s:162:4:166:Infinity":47,"s:164:6:164:Infinity":48,"s:165:6:165:Infinity":49,"b:169:4:172:Infinity:undefined:undefined:undefined:undefined":5,"s:169:4:172:Infinity":50,"s:170:6:170:Infinity":51,"s:171:6:171:Infinity":52,"s:174:4:174:Infinity":53,"s:176:4:176:Infinity":54,"s:177:4:177:Infinity":55,"s:178:4:178:Infinity":56,"f:185:16:185:33":9,"s:186:2:186:Infinity":57,"f:192:22:192:57":10,"s:193:15:193:Infinity":58,"s:195:2:212:Infinity":59,"s:196:24:196:Infinity":60,"b:197:4:197:Infinity:undefined:undefined:undefined:undefined":6,"s:197:4:197:Infinity":61,"s:197:22:197:Infinity":62,"s:199:4:211:Infinity":63,"s:200:40:200:Infinity":64,"b:202:6:207:Infinity:undefined:undefined:undefined:undefined":7,"s:202:6:207:Infinity":65,"b:202:10:202:32:202:32:202:46:202:46:202:60":8,"s:203:27:203:Infinity":66,"b:204:8:206:Infinity:undefined:undefined:undefined:undefined":9,"s:204:8:206:Infinity":67,"b:204:12:204:26:204:26:204:61":10,"s:205:10:205:Infinity":68,"s:210:6:210:Infinity":69}}}
}
