TN:
SF:src/App.vue
FN:22,(anonymous_0)
FN:27,(anonymous_1)
FN:32,(anonymous_2)
FN:37,(anonymous_3)
FN:63,(anonymous_4)
FNF:5
FNH:0
FNDA:0,(anonymous_0)
FNDA:0,(anonymous_1)
FNDA:0,(anonymous_2)
FNDA:0,(anonymous_3)
FNDA:0,(anonymous_4)
DA:11,0
DA:13,0
DA:14,0
DA:17,0
DA:22,0
DA:27,0
DA:32,0
DA:38,0
DA:39,0
DA:47,0
DA:63,0
LF:11
LH:0
BRDA:38,0,0,0
BRDA:38,0,1,0
BRF:2
BRH:0
end_of_record
TN:
SF:src/components/AboutModal.vue
FN:11,(anonymous_0)
FNF:1
FNH:0
FNDA:0,(anonymous_0)
DA:7,0
DA:11,0
DA:12,0
DA:16,0
LF:4
LH:0
BRDA:16,0,0,0
BRDA:16,0,1,0
BRF:2
BRH:0
end_of_record
TN:
SF:src/components/AddCollectionModal.vue
FN:21,(anonymous_0)
FN:41,(anonymous_1)
FNF:2
FNH:0
FNDA:0,(anonymous_0)
FNDA:0,(anonymous_1)
DA:11,0
DA:16,0
DA:17,0
DA:18,0
DA:19,0
DA:21,0
DA:22,0
DA:23,0
DA:24,0
DA:27,0
DA:28,0
DA:29,0
DA:30,0
DA:31,0
DA:33,0
DA:34,0
DA:36,0
DA:41,0
DA:42,0
DA:43,0
DA:44,0
DA:49,0
DA:71,0
DA:80,0
LF:24
LH:0
BRDA:22,0,0,0
BRDA:22,0,1,0
BRDA:33,1,0,0
BRDA:33,1,1,0
BRDA:80,2,0,0
BRDA:80,2,1,0
BRDA:80,3,0,0
BRDA:80,3,1,0
BRF:8
BRH:0
end_of_record
TN:
SF:src/components/AddDocumentModal.vue
FN:25,(anonymous_0)
FN:46,(anonymous_1)
FN:52,(anonymous_2)
FN:57,(anonymous_3)
FN:63,(anonymous_4)
FN:63,(anonymous_5)
FN:81,(anonymous_6)
FN:103,(anonymous_7)
FN:125,(anonymous_8)
FN:136,(anonymous_9)
FN:139,(anonymous_10)
FN:145,(anonymous_11)
FN:221,(anonymous_12)
FNF:13
FNH:0
FNDA:0,(anonymous_0)
FNDA:0,(anonymous_1)
FNDA:0,(anonymous_2)
FNDA:0,(anonymous_3)
FNDA:0,(anonymous_4)
FNDA:0,(anonymous_5)
FNDA:0,(anonymous_6)
FNDA:0,(anonymous_7)
FNDA:0,(anonymous_8)
FNDA:0,(anonymous_9)
FNDA:0,(anonymous_10)
FNDA:0,(anonymous_11)
FNDA:0,(anonymous_12)
DA:12,0
DA:16,0
DA:21,0
DA:22,0
DA:25,0
DA:26,0
DA:28,0
DA:31,0
DA:32,0
DA:34,0
DA:35,0
DA:36,0
DA:37,0
DA:38,0
DA:39,0
DA:40,0
DA:46,0
DA:47,0
DA:48,0
DA:52,0
DA:53,0
DA:54,0
DA:57,0
DA:58,0
DA:59,0
DA:63,0
DA:64,0
DA:65,0
DA:67,0
DA:71,0
DA:72,0
DA:73,0
DA:74,0
DA:76,0
DA:77,0
DA:78,0
DA:79,0
DA:81,0
DA:83,0
DA:86,0
DA:87,0
DA:88,0
DA:89,0
DA:93,0
DA:94,0
DA:95,0
DA:96,0
DA:97,0
DA:101,0
DA:102,0
DA:103,0
DA:104,0
DA:105,0
DA:107,0
DA:110,0
DA:115,0
DA:116,0
DA:118,0
DA:119,0
DA:120,0
DA:125,0
DA:126,0
DA:127,0
DA:128,0
DA:129,0
DA:130,0
DA:134,0
DA:136,0
DA:137,0
DA:138,0
DA:139,0
DA:140,0
DA:145,0
DA:146,0
DA:147,0
DA:148,0
DA:215,0
DA:221,0
DA:237,0
LF:79
LH:0
BRDA:26,0,0,0
BRDA:26,0,1,0
BRDA:26,1,0,0
BRDA:26,1,1,0
BRDA:34,2,0,0
BRDA:34,2,1,0
BRDA:35,3,0,0
BRDA:35,3,1,0
BRDA:35,4,0,0
BRDA:35,4,1,0
BRDA:38,5,0,0
BRDA:38,5,1,0
BRDA:38,6,0,0
BRDA:38,6,1,0
BRDA:47,7,0,0
BRDA:47,7,1,0
BRDA:47,8,0,0
BRDA:47,8,1,0
BRDA:64,9,0,0
BRDA:64,9,1,0
BRDA:87,10,0,0
BRDA:87,10,1,0
BRDA:93,11,0,0
BRDA:93,11,1,0
BRDA:93,12,0,0
BRDA:93,12,1,0
BRDA:95,13,0,0
BRDA:95,13,1,0
BRDA:101,14,0,0
BRDA:101,14,1,0
BRDA:104,15,0,0
BRDA:104,15,1,0
BRDA:111,16,0,0
BRDA:111,16,1,0
BRDA:119,17,0,0
BRDA:119,17,1,0
BRDA:119,17,2,0
BRDA:137,18,0,0
BRDA:137,18,1,0
BRDA:146,19,0,0
BRDA:146,19,1,0
BRDA:208,20,0,0
BRDA:208,20,1,0
BRDA:237,21,0,0
BRDA:237,21,1,0
BRF:45
BRH:0
end_of_record
TN:
SF:src/components/CollectionScreen.vue
FN:14,(anonymous_0)
FN:28,(anonymous_1)
FNF:2
FNH:0
FNDA:0,(anonymous_0)
FNDA:0,(anonymous_1)
DA:9,0
DA:10,0
DA:11,0
DA:12,0
DA:14,0
DA:15,0
DA:17,0
DA:18,0
DA:22,0
DA:24,0
DA:28,0
DA:29,0
DA:30,0
DA:31,0
DA:36,0
DA:45,0
DA:62,0
DA:66,0
LF:18
LH:0
BRDA:17,0,0,0
BRDA:17,0,1,0
BRDA:44,1,0,0
BRDA:44,1,1,0
BRF:4
BRH:0
end_of_record
TN:
SF:src/components/CollectionsScreen.vue
FN:22,(anonymous_0)
FN:26,(anonymous_1)
FN:35,(anonymous_2)
FN:40,(anonymous_3)
FN:51,(anonymous_4)
FN:59,(anonymous_5)
FN:197,(anonymous_6)
FN:198,(anonymous_7)
FN:205,(anonymous_8)
FN:206,(anonymous_9)
FNF:10
FNH:0
FNDA:0,(anonymous_0)
FNDA:0,(anonymous_1)
FNDA:0,(anonymous_2)
FNDA:0,(anonymous_3)
FNDA:0,(anonymous_4)
FNDA:0,(anonymous_5)
FNDA:0,(anonymous_6)
FNDA:0,(anonymous_7)
FNDA:0,(anonymous_8)
FNDA:0,(anonymous_9)
DA:11,0
DA:12,0
DA:13,0
DA:14,0
DA:15,0
DA:16,0
DA:17,0
DA:18,0
DA:19,0
DA:20,0
DA:22,0
DA:23,0
DA:26,0
DA:27,0
DA:28,0
DA:29,0
DA:32,0
DA:35,0
DA:36,0
DA:40,0
DA:41,0
DA:42,0
DA:43,0
DA:44,0
DA:46,0
DA:51,0
DA:52,0
DA:53,0
DA:55,0
DA:59,0
DA:60,0
DA:99,0
DA:114,0
DA:131,0
DA:170,0
DA:197,0
DA:198,0
DA:205,0
DA:206,0
LF:39
LH:0
BRDA:41,0,0,0
BRDA:41,0,1,0
BRDA:43,1,0,0
BRDA:43,1,1,0
BRDA:65,2,0,0
BRDA:65,2,1,0
BRDA:136,3,0,0
BRDA:136,3,1,0
BRDA:138,4,0,0
BRDA:138,4,1,0
BRDA:170,5,0,0
BRDA:170,5,1,0
BRDA:179,6,0,0
BRDA:179,6,1,0
BRF:14
BRH:0
end_of_record
TN:
SF:src/components/DeleteConfirmModal.vue
FN:19,(anonymous_0)
FNF:1
FNH:0
FNDA:0,(anonymous_0)
DA:6,0
DA:11,0
DA:16,0
DA:17,0
DA:19,0
DA:20,0
DA:21,0
DA:22,0
DA:23,0
DA:27,0
DA:33,0
LF:11
LH:0
BRDA:43,0,0,0
BRDA:43,0,1,0
BRF:2
BRH:0
end_of_record
TN:
SF:src/components/DocumentModal.vue
FN:19,(anonymous_0)
FN:24,(anonymous_1)
FN:36,(anonymous_2)
FNF:3
FNH:0
FNDA:0,(anonymous_0)
FNDA:0,(anonymous_1)
FNDA:0,(anonymous_2)
DA:6,0
DA:7,0
DA:12,0
DA:17,0
DA:19,0
DA:20,0
DA:21,0
DA:24,0
DA:25,0
DA:26,0
DA:27,0
DA:28,0
DA:29,0
DA:31,0
DA:36,0
DA:37,0
DA:44,0
DA:76,0
LF:18
LH:0
BRDA:25,0,0,0
BRDA:25,0,1,0
BRDA:25,1,0,0
BRDA:25,1,1,0
BRF:4
BRH:0
end_of_record
TN:
SF:src/components/DocumentsList.vue
FN:18,(anonymous_0)
FN:24,(anonymous_1)
FN:28,(anonymous_2)
FN:33,(anonymous_3)
FN:37,(anonymous_4)
FN:42,(anonymous_5)
FN:47,(anonymous_6)
FN:173,(anonymous_7)
FN:173,(anonymous_8)
FNF:9
FNH:0
FNDA:0,(anonymous_0)
FNDA:0,(anonymous_1)
FNDA:0,(anonymous_2)
FNDA:0,(anonymous_3)
FNDA:0,(anonymous_4)
FNDA:0,(anonymous_5)
FNDA:0,(anonymous_6)
FNDA:0,(anonymous_7)
FNDA:0,(anonymous_8)
DA:10,0
DA:11,0
DA:12,0
DA:13,0
DA:14,0
DA:15,0
DA:16,0
DA:18,0
DA:19,0
DA:20,0
DA:21,0
DA:24,0
DA:25,0
DA:28,0
DA:29,0
DA:30,0
DA:33,0
DA:34,0
DA:37,0
DA:38,0
DA:39,0
DA:42,0
DA:43,0
DA:44,0
DA:47,0
DA:48,0
DA:49,0
DA:50,0
DA:69,0
DA:79,0
DA:145,0
DA:159,0
DA:173,0
LF:33
LH:0
BRDA:28,0,0,0
BRDA:29,1,0,0
BRDA:29,1,1,0
BRDA:48,2,0,0
BRDA:48,2,1,0
BRDA:79,3,0,0
BRDA:79,3,1,0
BRDA:86,4,0,0
BRDA:86,4,1,0
BRDA:86,4,2,0
BRDA:159,5,0,0
BRDA:159,5,1,0
BRDA:163,6,0,0
BRDA:163,6,1,0
BRF:14
BRH:0
end_of_record
TN:
SF:src/components/LoadingSkeleton.vue
FN:26,(anonymous_0)
FN:33,(anonymous_1)
FN:40,(anonymous_2)
FNF:3
FNH:0
FNDA:0,(anonymous_0)
FNDA:0,(anonymous_1)
FNDA:0,(anonymous_2)
DA:21,0
DA:26,0
DA:27,0
DA:28,0
DA:30,0
DA:33,0
DA:34,0
DA:35,0
DA:37,0
DA:40,0
DA:41,0
DA:43,0
DA:44,0
DA:47,0
DA:48,0
DA:51,0
LF:16
LH:0
BRDA:27,0,0,0
BRDA:27,0,1,0
BRDA:34,1,0,0
BRDA:34,1,1,0
BRDA:43,2,0,0
BRDA:43,2,1,0
BRDA:47,3,0,0
BRDA:47,3,1,0
BRDA:47,4,0,0
BRDA:47,4,1,0
BRF:10
BRH:0
end_of_record
TN:
SF:src/components/LoadingSpinner.vue
FN:34,(anonymous_0)
FN:45,(anonymous_1)
FNF:2
FNH:2
FNDA:10,(anonymous_0)
FNDA:10,(anonymous_1)
DA:28,10
DA:34,10
DA:35,10
DA:37,1
DA:39,1
DA:41,8
DA:45,10
DA:46,10
DA:47,1
DA:49,9
LF:10
LH:10
BRDA:35,0,0,1
BRDA:35,0,1,1
BRDA:35,0,2,8
BRDA:46,1,0,1
BRDA:46,1,1,9
BRDA:13,2,0,1
BRDA:13,2,1,9
BRF:7
BRH:7
end_of_record
TN:
SF:src/components/LoginScreen.vue
FN:15,parseEnvHost
FN:34,(anonymous_1)
FN:48,handleSubmit
FNF:3
FNH:0
FNDA:0,parseEnvHost
FNDA:0,(anonymous_1)
FNDA:0,handleSubmit
DA:8,0
DA:9,0
DA:16,0
DA:17,0
DA:18,0
DA:24,0
DA:26,0
DA:27,0
DA:28,0
DA:29,0
DA:30,0
DA:31,0
DA:34,0
DA:35,0
DA:36,0
DA:37,0
DA:38,0
DA:39,0
DA:40,0
DA:43,0
DA:44,0
DA:49,0
DA:50,0
DA:51,0
DA:53,0
DA:55,0
DA:56,0
DA:57,0
DA:60,0
DA:68,0
DA:76,0
DA:77,0
DA:79,0
DA:81,0
DA:87,0
DA:140,0
DA:147,0
LF:37
LH:0
BRDA:16,0,0,0
BRDA:16,0,1,0
BRDA:36,1,0,0
BRDA:36,1,1,0
BRDA:37,2,0,0
BRDA:37,2,1,0
BRDA:38,3,0,0
BRDA:38,3,1,0
BRDA:39,4,0,0
BRDA:39,4,1,0
BRDA:40,5,0,0
BRDA:40,5,1,0
BRDA:43,6,0,0
BRDA:43,6,1,0
BRDA:44,7,0,0
BRDA:44,7,1,0
BRDA:49,8,0,0
BRDA:49,8,1,0
BRDA:77,9,0,0
BRDA:77,9,1,0
BRDA:77,10,0,0
BRDA:77,10,1,0
BRDA:79,11,0,0
BRDA:79,11,1,0
BRDA:87,12,0,0
BRDA:87,12,1,0
BRDA:147,13,0,0
BRDA:147,13,1,0
BRF:28
BRH:0
end_of_record
TN:
SF:src/components/NavBar.vue
FN:13,handleLogout
FN:18,handleKeydown
FN:130,(anonymous_2)
FNF:3
FNH:0
FNDA:0,handleLogout
FNDA:0,handleKeydown
FNDA:0,(anonymous_2)
DA:8,0
DA:9,0
DA:10,0
DA:11,0
DA:14,0
DA:15,0
DA:19,0
DA:21,0
DA:24,0
DA:27,0
DA:28,0
DA:29,0
DA:30,0
DA:31,0
DA:34,0
DA:35,0
DA:36,0
DA:37,0
DA:38,0
DA:40,0
DA:41,0
DA:42,0
DA:44,0
DA:45,0
DA:46,0
DA:70,0
DA:130,0
LF:27
LH:0
BRDA:19,0,0,0
BRDA:19,0,1,0
BRDA:24,1,0,0
BRDA:24,1,1,0
BRDA:24,1,2,0
BRDA:24,1,3,0
BRDA:24,1,4,0
BRDA:24,1,5,0
BRDA:29,2,0,0
BRDA:29,2,1,0
BRDA:36,3,0,0
BRDA:36,3,1,0
BRF:12
BRH:0
end_of_record
TN:
SF:src/components/NotificationList.vue
FN:16,(anonymous_0)
FN:43,(anonymous_1)
FNF:2
FNH:2
FNDA:1,(anonymous_0)
FNDA:1,(anonymous_1)
DA:2,1
DA:16,1
DA:18,1
DA:19,1
DA:20,1
DA:38,1
DA:39,1
DA:43,1
DA:60,10
DA:61,10
DA:62,10
LF:11
LH:11
BRF:0
BRH:0
end_of_record
TN:
SF:src/components/ShortcutHelpModal.vue
FN:13,(anonymous_0)
FN:17,(anonymous_1)
FN:18,(anonymous_2)
FNF:3
FNH:0
FNDA:0,(anonymous_0)
FNDA:0,(anonymous_1)
FNDA:0,(anonymous_2)
DA:4,0
DA:9,0
DA:13,0
DA:14,0
DA:17,0
DA:18,0
DA:47,0
LF:7
LH:0
BRF:0
BRH:0
end_of_record
TN:
SF:src/components/ThemeToggle.vue
FN:11,(anonymous_0)
FNF:1
FNH:1
FNDA:2,(anonymous_0)
DA:5,7
DA:11,2
DA:17,1
LF:3
LH:3
BRDA:11,0,0,9
BRDA:11,0,1,7
BRDA:11,1,0,2
BRDA:11,1,1,2
BRDA:12,2,0,7
BRDA:12,2,1,2
BRDA:14,3,0,7
BRDA:14,3,1,2
BRDA:18,4,0,7
BRDA:18,4,1,2
BRDA:32,5,0,7
BRDA:32,5,1,7
BRF:12
BRH:12
end_of_record
TN:
SF:src/components/MetadataEditor/MetadataField.vue
FN:16,(anonymous_0)
FNF:1
FNH:0
FNDA:0,(anonymous_0)
DA:5,0
DA:11,0
DA:16,0
DA:17,0
DA:25,0
DA:56,0
DA:69,0
DA:86,0
DA:96,0
DA:122,0
DA:137,0
LF:11
LH:0
BRDA:34,0,0,0
BRDA:34,0,1,0
BRDA:34,0,2,0
BRDA:41,1,0,0
BRDA:41,1,1,0
BRDA:41,2,0,0
BRDA:41,2,1,0
BRDA:41,2,2,0
BRDA:42,3,0,0
BRDA:42,3,1,0
BRDA:42,4,0,0
BRDA:42,4,1,0
BRDA:42,4,2,0
BRDA:50,5,0,0
BRDA:50,5,1,0
BRDA:50,5,2,0
BRDA:55,6,0,0
BRDA:55,6,1,0
BRDA:55,6,2,0
BRDA:100,7,0,0
BRDA:100,7,1,0
BRDA:100,7,2,0
BRDA:105,8,0,0
BRDA:105,8,1,0
BRDA:106,9,0,0
BRDA:106,9,1,0
BRDA:106,10,0,0
BRDA:106,10,1,0
BRDA:106,10,2,0
BRDA:107,11,0,0
BRDA:107,11,1,0
BRDA:107,12,0,0
BRDA:107,12,1,0
BRDA:107,12,2,0
BRDA:115,13,0,0
BRDA:115,13,1,0
BRDA:115,13,2,0
BRDA:121,14,0,0
BRDA:121,14,1,0
BRDA:121,14,2,0
BRDA:137,15,0,0
BRDA:137,15,1,0
BRF:42
BRH:0
end_of_record
TN:
SF:src/components/MetadataEditor/index.vue
FN:21,(anonymous_0)
FN:21,(anonymous_1)
FN:27,(anonymous_2)
FN:34,(anonymous_3)
FN:40,(anonymous_4)
FN:46,(anonymous_5)
FN:123,(anonymous_6)
FN:124,(anonymous_7)
FNF:8
FNH:0
FNDA:0,(anonymous_0)
FNDA:0,(anonymous_1)
FNDA:0,(anonymous_2)
FNDA:0,(anonymous_3)
FNDA:0,(anonymous_4)
FNDA:0,(anonymous_5)
FNDA:0,(anonymous_6)
FNDA:0,(anonymous_7)
DA:7,0
DA:12,0
DA:16,0
DA:17,0
DA:18,0
DA:21,0
DA:22,0
DA:23,0
DA:27,0
DA:28,0
DA:34,0
DA:35,0
DA:36,0
DA:37,0
DA:40,0
DA:41,0
DA:42,0
DA:43,0
DA:46,0
DA:47,0
DA:48,0
DA:51,0
DA:105,0
DA:123,0
DA:124,0
LF:25
LH:0
BRDA:22,0,0,0
BRDA:22,0,1,0
BRDA:22,1,0,0
BRDA:22,1,1,0
BRF:4
BRH:0
end_of_record
TN:
SF:src/composables/useDocumentValidation.ts
FN:10,useDocumentValidation
FN:13,(anonymous_1)
FN:26,(anonymous_2)
FN:38,(anonymous_3)
FN:39,(anonymous_4)
FN:57,(anonymous_5)
FNF:6
FNH:6
FNDA:14,useDocumentValidation
FNDA:3,(anonymous_1)
FNDA:10,(anonymous_2)
FNDA:11,(anonymous_3)
FNDA:11,(anonymous_4)
FNDA:3,(anonymous_5)
DA:11,14
DA:13,14
DA:14,3
DA:15,1
DA:20,2
DA:26,14
DA:28,10
DA:29,14
DA:30,2
DA:38,11
DA:39,11
DA:40,8
DA:41,1
DA:48,7
DA:49,9
DA:52,9
DA:53,2
DA:56,7
DA:57,3
DA:58,3
DA:60,1
DA:62,1
DA:64,1
DA:66,0
DA:70,3
DA:77,4
DA:83,14
LF:27
LH:26
BRDA:14,0,0,1
BRDA:14,0,1,2
BRDA:29,1,0,2
BRDA:29,1,1,12
BRDA:40,2,0,1
BRDA:40,2,1,7
BRDA:52,3,0,2
BRDA:52,3,1,7
BRDA:56,4,0,3
BRDA:56,4,1,4
BRDA:58,5,0,1
BRDA:58,5,1,1
BRDA:58,5,2,1
BRDA:58,5,3,0
BRF:14
BRH:13
end_of_record
TN:
SF:src/composables/useKeyboardNavigation.ts
FN:3,useKeyboardNavigation
FN:6,(anonymous_1)
FN:51,(anonymous_2)
FNF:3
FNH:3
FNDA:18,useKeyboardNavigation
FNDA:17,(anonymous_1)
FNDA:8,(anonymous_2)
DA:4,18
DA:6,18
DA:7,17
DA:10,5
DA:11,5
DA:12,4
DA:13,4
DA:15,5
DA:18,3
DA:19,3
DA:20,2
DA:21,2
DA:23,3
DA:25,2
DA:26,2
DA:27,1
DA:28,1
DA:30,2
DA:32,2
DA:33,2
DA:34,1
DA:35,1
DA:37,2
DA:40,4
DA:41,4
DA:42,2
DA:43,2
DA:44,2
DA:47,4
DA:51,18
DA:52,8
DA:53,8
DA:56,18
LF:33
LH:33
BRDA:7,0,0,4
BRDA:7,0,1,5
BRDA:7,0,2,2
BRDA:7,0,3,3
BRDA:7,0,4,2
BRDA:7,0,5,2
BRDA:7,0,6,3
BRDA:7,0,7,4
BRDA:11,1,0,4
BRDA:11,1,1,1
BRDA:19,2,0,2
BRDA:19,2,1,1
BRDA:26,3,0,1
BRDA:26,3,1,1
BRDA:33,4,0,1
BRDA:33,4,1,1
BRDA:41,5,0,2
BRDA:41,5,1,2
BRDA:41,6,0,4
BRDA:41,6,1,3
BRDA:43,7,0,2
BRDA:43,7,1,0
BRF:22
BRH:21
end_of_record
TN:
SF:src/composables/useKeyboardShortcuts.ts
FN:16,useKeyboardShortcuts
FN:20,(anonymous_1)
FN:43,(anonymous_2)
FN:47,(anonymous_3)
FN:52,(anonymous_4)
FN:53,(anonymous_5)
FNF:6
FNH:6
FNDA:16,useKeyboardShortcuts
FNDA:81,(anonymous_1)
FNDA:16,(anonymous_2)
FNDA:3,(anonymous_3)
FNDA:3,(anonymous_4)
FNDA:5,(anonymous_5)
DA:20,16
DA:22,81
DA:23,81
DA:24,19
DA:27,62
DA:28,62
DA:34,11
DA:35,10
DA:37,11
DA:38,11
DA:43,16
DA:44,16
DA:47,16
DA:48,3
DA:52,16
DA:53,3
DA:54,5
DA:55,5
DA:56,5
DA:57,5
DA:58,5
DA:60,5
DA:67,16
LF:23
LH:23
BRDA:18,0,0,16
BRDA:23,1,0,19
BRDA:23,1,1,62
BRDA:23,2,0,81
BRDA:23,2,1,72
BRDA:28,3,0,11
BRDA:28,3,1,51
BRDA:29,4,0,62
BRDA:29,4,1,13
BRDA:29,4,2,12
BRDA:29,4,3,11
BRDA:34,5,0,10
BRDA:34,5,1,1
BRDA:55,6,0,2
BRDA:55,6,1,3
BRDA:56,7,0,2
BRDA:56,7,1,3
BRDA:57,8,0,2
BRDA:57,8,1,3
BRF:19
BRH:19
end_of_record
TN:
SF:src/composables/useTheme.ts
FN:5,useTheme
FN:12,(anonymous_1)
FN:26,(anonymous_2)
FNF:3
FNH:3
FNDA:11,useTheme
FNDA:18,(anonymous_1)
FNDA:4,(anonymous_2)
DA:6,11
DA:7,11
DA:10,11
DA:12,11
DA:13,18
DA:14,18
DA:16,18
DA:17,5
DA:19,13
DA:24,11
DA:26,11
DA:27,4
DA:30,11
LF:13
LH:13
BRDA:7,0,0,11
BRDA:7,0,1,11
BRDA:8,1,0,0
BRDA:8,1,1,11
BRDA:16,2,0,5
BRDA:16,2,1,13
BRDA:27,3,0,3
BRDA:27,3,1,1
BRF:8
BRH:7
end_of_record
TN:
SF:src/directives/focus-trap.ts
FN:8,(anonymous_0)
FN:10,(anonymous_1)
FN:26,(anonymous_2)
FNF:3
FNH:3
FNDA:6,(anonymous_0)
FNDA:5,(anonymous_1)
FNDA:3,(anonymous_2)
DA:7,1
DA:9,6
DA:11,5
DA:14,5
DA:17,5
DA:18,3
DA:23,6
DA:27,3
DA:28,2
DA:29,2
LF:10
LH:10
BRDA:17,0,0,3
BRDA:17,0,1,2
BRDA:27,1,0,2
BRDA:27,1,1,1
BRF:4
BRH:4
end_of_record
TN:
SF:src/router/index.ts
FN:10,(anonymous_0)
FN:16,(anonymous_1)
FN:25,(anonymous_2)
FN:38,(anonymous_3)
FN:64,(anonymous_4)
FNF:5
FNH:0
FNDA:0,(anonymous_0)
FNDA:0,(anonymous_1)
FNDA:0,(anonymous_2)
FNDA:0,(anonymous_3)
FNDA:0,(anonymous_4)
DA:4,0
DA:10,0
DA:16,0
DA:25,0
DA:35,0
DA:38,0
DA:39,0
DA:42,0
DA:43,0
DA:44,0
DA:48,0
DA:49,0
DA:52,0
DA:53,0
DA:54,0
DA:56,0
DA:57,0
DA:59,0
DA:64,0
DA:65,0
LF:20
LH:0
BRDA:42,0,0,0
BRDA:42,0,1,0
BRDA:48,1,0,0
BRDA:48,1,1,0
BRDA:48,2,0,0
BRDA:48,2,1,0
BRDA:48,2,2,0
BRDA:52,3,0,0
BRDA:52,3,1,0
BRDA:52,4,0,0
BRDA:52,4,1,0
BRDA:54,5,0,0
BRDA:54,5,1,0
BRDA:54,6,0,0
BRDA:54,6,1,0
BRDA:57,7,0,0
BRDA:57,7,1,0
BRDA:57,8,0,0
BRDA:57,8,1,0
BRDA:65,9,0,0
BRDA:65,9,1,0
BRF:21
BRH:0
end_of_record
TN:
SF:src/stores/auth.ts
FN:22,parseEnvHost
FN:32,(anonymous_1)
FN:46,(anonymous_2)
FN:66,(anonymous_3)
FN:72,(anonymous_4)
FN:76,(anonymous_5)
FN:107,(anonymous_6)
FN:119,(anonymous_7)
FN:120,(anonymous_8)
FN:121,(anonymous_9)
FN:122,(anonymous_10)
FN:123,(anonymous_11)
FNF:12
FNH:11
FNDA:13,parseEnvHost
FNDA:13,(anonymous_1)
FNDA:3,(anonymous_2)
FNDA:1,(anonymous_3)
FNDA:2,(anonymous_4)
FNDA:0,(anonymous_5)
FNDA:2,(anonymous_6)
FNDA:2,(anonymous_7)
FNDA:2,(anonymous_8)
FNDA:2,(anonymous_9)
FNDA:2,(anonymous_10)
FNDA:1,(anonymous_11)
DA:15,1
DA:16,1
DA:23,13
DA:24,13
DA:25,13
DA:31,1
DA:33,13
DA:34,13
DA:42,13
DA:47,3
DA:48,3
DA:49,2
DA:51,1
DA:52,1
DA:53,1
DA:54,1
DA:55,1
DA:56,1
DA:57,1
DA:59,1
DA:61,1
DA:62,1
DA:67,1
DA:69,1
DA:73,2
DA:82,0
DA:84,0
DA:85,0
DA:87,0
DA:88,0
DA:91,0
DA:92,0
DA:93,0
DA:95,0
DA:98,0
DA:100,0
DA:102,0
DA:103,0
DA:108,2
DA:111,2
DA:114,2
DA:119,2
DA:120,2
DA:121,2
DA:122,2
DA:124,1
LF:46
LH:33
BRDA:23,0,0,13
BRDA:23,0,1,13
BRDA:49,1,0,1
BRDA:49,1,1,1
BRDA:73,2,0,2
BRDA:73,2,1,1
BRDA:87,3,0,0
BRDA:87,3,1,0
BRDA:88,4,0,0
BRDA:88,4,1,0
BRF:10
BRH:6
end_of_record
TN:
SF:src/stores/chroma.ts
FN:49,(anonymous_0)
FN:57,(anonymous_1)
FN:57,(anonymous_2)
FN:58,(anonymous_3)
FN:63,(anonymous_4)
FN:68,(anonymous_5)
FN:74,(anonymous_6)
FN:78,(anonymous_7)
FN:93,(anonymous_8)
FN:107,(anonymous_9)
FN:115,(anonymous_10)
FN:128,(anonymous_11)
FN:142,(anonymous_12)
FN:147,(anonymous_13)
FN:153,(anonymous_14)
FN:165,(anonymous_15)
FN:170,(anonymous_16)
FN:172,(anonymous_17)
FN:185,(anonymous_18)
FN:206,(anonymous_19)
FN:219,(anonymous_20)
FNF:21
FNH:0
FNDA:0,(anonymous_0)
FNDA:0,(anonymous_1)
FNDA:0,(anonymous_2)
FNDA:0,(anonymous_3)
FNDA:0,(anonymous_4)
FNDA:0,(anonymous_5)
FNDA:0,(anonymous_6)
FNDA:0,(anonymous_7)
FNDA:0,(anonymous_8)
FNDA:0,(anonymous_9)
FNDA:0,(anonymous_10)
FNDA:0,(anonymous_11)
FNDA:0,(anonymous_12)
FNDA:0,(anonymous_13)
FNDA:0,(anonymous_14)
FNDA:0,(anonymous_15)
FNDA:0,(anonymous_16)
FNDA:0,(anonymous_17)
FNDA:0,(anonymous_18)
FNDA:0,(anonymous_19)
FNDA:0,(anonymous_20)
DA:48,0
DA:49,0
DA:57,0
DA:58,0
DA:64,0
DA:65,0
DA:66,0
DA:68,0
DA:69,0
DA:70,0
DA:74,0
DA:79,0
DA:80,0
DA:81,0
DA:82,0
DA:84,0
DA:85,0
DA:86,0
DA:87,0
DA:88,0
DA:91,0
DA:93,0
DA:94,0
DA:95,0
DA:106,0
DA:107,0
DA:116,0
DA:117,0
DA:118,0
DA:119,0
DA:121,0
DA:122,0
DA:123,0
DA:124,0
DA:125,0
DA:128,0
DA:129,0
DA:130,0
DA:132,0
DA:133,0
DA:142,0
DA:144,0
DA:148,0
DA:149,0
DA:150,0
DA:151,0
DA:153,0
DA:154,0
DA:155,0
DA:163,0
DA:165,0
DA:166,0
DA:171,0
DA:172,0
DA:173,0
DA:174,0
DA:175,0
DA:176,0
DA:178,0
DA:179,0
DA:180,0
DA:181,0
DA:182,0
DA:185,0
DA:186,0
DA:188,0
DA:189,0
DA:201,0
DA:202,0
DA:207,0
DA:208,0
DA:209,0
DA:210,0
DA:212,0
DA:213,0
DA:214,0
DA:215,0
DA:216,0
DA:219,0
DA:220,0
DA:221,0
DA:223,0
DA:225,0
DA:230,0
DA:231,0
DA:232,0
DA:236,0
DA:237,0
DA:239,0
LF:89
LH:0
BRDA:85,0,0,0
BRDA:85,0,1,0
BRDA:87,1,0,0
BRDA:87,1,1,0
BRDA:109,2,0,0
BRDA:109,2,1,0
BRDA:110,3,0,0
BRDA:110,3,1,0
BRDA:122,4,0,0
BRDA:122,4,1,0
BRDA:124,5,0,0
BRDA:124,5,1,0
BRDA:129,6,0,0
BRDA:129,6,1,0
BRDA:179,7,0,0
BRDA:179,7,1,0
BRDA:181,8,0,0
BRDA:181,8,1,0
BRDA:188,9,0,0
BRDA:188,9,1,0
BRDA:195,10,0,0
BRDA:195,10,1,0
BRDA:213,11,0,0
BRDA:213,11,1,0
BRDA:215,12,0,0
BRDA:215,12,1,0
BRDA:220,13,0,0
BRDA:220,13,1,0
BRDA:230,14,0,0
BRDA:230,14,1,0
BRF:30
BRH:0
end_of_record
TN:
SF:src/stores/loading.ts
FN:11,(anonymous_0)
FN:19,(anonymous_1)
FN:23,(anonymous_2)
FN:28,(anonymous_3)
FN:39,(anonymous_4)
FN:39,(anonymous_5)
FN:42,(anonymous_6)
FNF:7
FNH:7
FNDA:13,(anonymous_0)
FNDA:11,(anonymous_1)
FNDA:9,(anonymous_2)
FNDA:3,(anonymous_3)
FNDA:1,(anonymous_4)
FNDA:2,(anonymous_5)
FNDA:6,(anonymous_6)
DA:10,1
DA:11,13
DA:20,11
DA:24,9
DA:29,3
DA:30,3
DA:31,3
DA:33,3
DA:39,2
DA:43,6
LF:10
LH:10
BRDA:43,0,0,6
BRDA:43,0,1,5
BRDA:43,0,2,3
BRDA:43,0,3,3
BRF:4
BRH:4
end_of_record
TN:
SF:src/stores/notifications.ts
FN:13,(anonymous_0)
FN:18,(anonymous_1)
FN:29,(anonymous_2)
FN:35,(anonymous_3)
FN:36,(anonymous_4)
FN:42,(anonymous_5)
FN:46,(anonymous_6)
FN:50,(anonymous_7)
FN:54,(anonymous_8)
FNF:9
FNH:9
FNDA:26,(anonymous_0)
FNDA:39,(anonymous_1)
FNDA:5,(anonymous_2)
FNDA:20,(anonymous_3)
FNDA:20,(anonymous_4)
FNDA:2,(anonymous_5)
FNDA:1,(anonymous_6)
FNDA:1,(anonymous_7)
FNDA:1,(anonymous_8)
DA:12,2
DA:13,26
DA:19,39
DA:20,39
DA:26,39
DA:28,39
DA:29,24
DA:30,5
DA:36,20
DA:37,20
DA:38,19
DA:43,2
DA:47,1
DA:51,1
DA:55,1
LF:15
LH:15
BRDA:18,0,0,39
BRDA:28,1,0,24
BRDA:28,1,1,15
BRDA:37,2,0,19
BRDA:37,2,1,1
BRF:5
BRH:5
end_of_record
TN:
SF:src/utils/api.ts
FN:11,getApiClient
FN:28,getCurrentApiClient
FNF:2
FNH:0
FNDA:0,getApiClient
FNDA:0,getCurrentApiClient
DA:3,1
DA:13,0
DA:21,0
DA:29,0
DA:30,0
DA:32,0
LF:6
LH:1
BRDA:29,0,0,0
BRDA:29,0,1,0
BRF:2
BRH:0
end_of_record
TN:
SF:src/utils/cookies.ts
FN:18,saveSettings
FN:26,loadSettings
FN:48,clearSettings
FNF:3
FNH:1
FNDA:0,saveSettings
FNDA:0,loadSettings
FNDA:2,clearSettings
DA:12,1
DA:13,1
DA:19,0
DA:20,0
DA:27,0
DA:29,0
DA:30,0
DA:32,0
DA:33,0
DA:34,0
DA:36,0
DA:37,0
DA:42,0
DA:49,2
LF:14
LH:3
BRDA:32,0,0,0
BRDA:32,0,1,0
BRDA:32,1,0,0
BRDA:32,1,1,0
BRF:4
BRH:0
end_of_record
TN:
SF:src/utils/documentTypes.ts
FN:9,(anonymous_0)
FN:24,(anonymous_1)
FN:39,(anonymous_2)
FN:56,(anonymous_3)
FNF:4
FNH:4
FNDA:4,(anonymous_0)
FNDA:4,(anonymous_1)
FNDA:16,(anonymous_2)
FNDA:5,(anonymous_3)
DA:9,2
DA:10,4
DA:12,1
DA:14,1
DA:16,1
DA:18,1
DA:20,0
DA:24,2
DA:25,4
DA:27,1
DA:29,1
DA:31,1
DA:33,1
DA:35,0
DA:39,2
DA:40,16
DA:42,15
DA:44,2
DA:46,4
DA:48,4
DA:50,5
DA:52,0
DA:56,2
DA:57,5
DA:58,5
DA:60,1
DA:62,1
DA:64,2
DA:66,1
LF:29
LH:26
BRDA:10,0,0,1
BRDA:10,0,1,1
BRDA:10,0,2,1
BRDA:10,0,3,1
BRDA:10,0,4,0
BRDA:25,1,0,1
BRDA:25,1,1,1
BRDA:25,1,2,1
BRDA:25,1,3,1
BRDA:25,1,4,0
BRDA:40,2,0,1
BRDA:40,2,1,15
BRDA:42,3,0,15
BRDA:42,3,1,4
BRDA:42,3,2,4
BRDA:42,3,3,5
BRDA:42,3,4,0
BRDA:46,4,0,4
BRDA:46,4,1,4
BRDA:50,5,0,5
BRDA:50,5,1,3
BRDA:58,6,0,1
BRDA:58,6,1,1
BRDA:58,6,2,2
BRDA:58,6,3,1
BRF:25
BRH:22
end_of_record
TN:
SF:src/utils/secureStorage.ts
FN:22,deriveKey
FN:50,getSessionKey
FN:80,encryptData
FN:112,decryptData
FN:115,(anonymous_4)
FN:116,(anonymous_5)
FN:117,(anonymous_6)
FN:142,setSecureItem
FN:152,getSecureItem
FN:185,removeSecureItem
FN:192,clearExpiredItems
FNF:11
FNH:1
FNDA:0,deriveKey
FNDA:0,getSessionKey
FNDA:0,encryptData
FNDA:0,decryptData
FNDA:0,(anonymous_4)
FNDA:0,(anonymous_5)
FNDA:0,(anonymous_6)
FNDA:0,setSecureItem
FNDA:0,getSecureItem
FNDA:3,removeSecureItem
FNDA:0,clearExpiredItems
DA:17,2
DA:23,0
DA:24,0
DA:32,0
DA:52,0
DA:53,0
DA:57,0
DA:67,0
DA:68,0
DA:69,0
DA:70,0
DA:71,0
DA:74,0
DA:81,0
DA:82,0
DA:83,0
DA:86,0
DA:87,0
DA:88,0
DA:89,0
DA:92,0
DA:95,0
DA:102,0
DA:113,0
DA:115,0
DA:116,0
DA:117,0
DA:120,0
DA:123,0
DA:130,0
DA:131,0
DA:132,0
DA:134,0
DA:135,0
DA:143,0
DA:144,0
DA:145,0
DA:153,0
DA:154,0
DA:155,0
DA:158,0
DA:159,0
DA:160,0
DA:162,0
DA:164,0
DA:165,0
DA:169,0
DA:170,0
DA:171,0
DA:174,0
DA:176,0
DA:177,0
DA:178,0
DA:186,3
DA:193,0
DA:195,0
DA:196,0
DA:197,0
DA:199,0
DA:200,0
DA:202,0
DA:203,0
DA:204,0
DA:205,0
DA:210,0
LF:65
LH:2
BRDA:52,0,0,0
BRDA:52,0,1,0
BRDA:52,1,0,0
BRDA:52,1,1,0
BRDA:142,2,0,0
BRDA:154,3,0,0
BRDA:154,3,1,0
BRDA:162,4,0,0
BRDA:162,4,1,0
BRDA:169,5,0,0
BRDA:169,5,1,0
BRDA:197,6,0,0
BRDA:197,6,1,0
BRDA:202,7,0,0
BRDA:202,7,1,0
BRDA:202,8,0,0
BRDA:202,8,1,0
BRDA:202,8,2,0
BRDA:204,9,0,0
BRDA:204,9,1,0
BRDA:204,10,0,0
BRDA:204,10,1,0
BRF:22
BRH:0
end_of_record
